ARM GAS  C:\Users\Antonio\AppData\Local\Temp\ccFOKYir.s 			page 1


   1              		.arch armv8.1-m.main
   2              		.fpu fpv5-d16
   3              		.arch_extension dsp
   4              		.arch_extension fp
   5              		.arch_extension fp.dp
   6              		.arch_extension mve
   7              		.arch_extension mve.fp
   8              		.eabi_attribute 5, "cortex-m55"
   9              		.eabi_attribute 28, 1
  10              		.eabi_attribute 20, 1
  11              		.eabi_attribute 21, 1
  12              		.eabi_attribute 23, 3
  13              		.eabi_attribute 24, 1
  14              		.eabi_attribute 25, 1
  15              		.eabi_attribute 26, 1
  16              		.eabi_attribute 30, 4
  17              		.eabi_attribute 34, 1
  18              		.eabi_attribute 38, 1
  19              		.eabi_attribute 18, 4
  20              		.file	"cmw_utils.c"
  21              		.text
  22              	.Ltext0:
  23              		.cfi_sections	.debug_frame
  24              		.file 1 "../../Middlewares/Camera_Middleware/cmw_utils.c"
  25              		.section	.rodata.CMW_UTILS_get_dec_ratio_and_update.str1.1,"aMS",%progbits,1
  26              	.LC0:
  27 0000 3000     		.ascii	"0\000"
  28              	.LC1:
  29 0002 2E2E2F2E 		.ascii	"../../Middlewares/Camera_Middleware/cmw_utils.c\000"
  29      2E2F4D69 
  29      64646C65 
  29      77617265 
  29      732F4361 
  30              		.section	.text.CMW_UTILS_get_dec_ratio_and_update,"ax",%progbits
  31              		.align	1
  32              		.syntax unified
  33              		.thumb
  34              		.thumb_func
  36              	CMW_UTILS_get_dec_ratio_and_update:
  37              	.LVL0:
  38              	.LFB843:
   1:../../Middlewares/Camera_Middleware/cmw_utils.c ****  /**
   2:../../Middlewares/Camera_Middleware/cmw_utils.c ****  ******************************************************************************
   3:../../Middlewares/Camera_Middleware/cmw_utils.c ****  * @file    cmw_utils.c
   4:../../Middlewares/Camera_Middleware/cmw_utils.c ****  * @author  GPM Application Team
   5:../../Middlewares/Camera_Middleware/cmw_utils.c ****  *
   6:../../Middlewares/Camera_Middleware/cmw_utils.c ****  ******************************************************************************
   7:../../Middlewares/Camera_Middleware/cmw_utils.c ****  * @attention
   8:../../Middlewares/Camera_Middleware/cmw_utils.c ****  *
   9:../../Middlewares/Camera_Middleware/cmw_utils.c ****  * Copyright (c) 2024 STMicroelectronics.
  10:../../Middlewares/Camera_Middleware/cmw_utils.c ****  * All rights reserved.
  11:../../Middlewares/Camera_Middleware/cmw_utils.c ****  *
  12:../../Middlewares/Camera_Middleware/cmw_utils.c ****  * This software is licensed under terms that can be found in the LICENSE file
  13:../../Middlewares/Camera_Middleware/cmw_utils.c ****  * in the root directory of this software component.
  14:../../Middlewares/Camera_Middleware/cmw_utils.c ****  * If no LICENSE file comes with this software, it is provided AS-IS.
  15:../../Middlewares/Camera_Middleware/cmw_utils.c ****  *
  16:../../Middlewares/Camera_Middleware/cmw_utils.c ****  ******************************************************************************
ARM GAS  C:\Users\Antonio\AppData\Local\Temp\ccFOKYir.s 			page 2


  17:../../Middlewares/Camera_Middleware/cmw_utils.c ****  */
  18:../../Middlewares/Camera_Middleware/cmw_utils.c **** 
  19:../../Middlewares/Camera_Middleware/cmw_utils.c **** #include "cmw_utils.h"
  20:../../Middlewares/Camera_Middleware/cmw_utils.c **** 
  21:../../Middlewares/Camera_Middleware/cmw_utils.c **** #include <assert.h>
  22:../../Middlewares/Camera_Middleware/cmw_utils.c **** 
  23:../../Middlewares/Camera_Middleware/cmw_utils.c **** #ifndef MIN
  24:../../Middlewares/Camera_Middleware/cmw_utils.c **** #define MIN(a,b) ((a)<(b)?(a):(b))
  25:../../Middlewares/Camera_Middleware/cmw_utils.c **** #endif
  26:../../Middlewares/Camera_Middleware/cmw_utils.c **** 
  27:../../Middlewares/Camera_Middleware/cmw_utils.c **** #ifndef MAX
  28:../../Middlewares/Camera_Middleware/cmw_utils.c **** #define MAX(a,b) ((a)>(b)?(a):(b))
  29:../../Middlewares/Camera_Middleware/cmw_utils.c **** #endif
  30:../../Middlewares/Camera_Middleware/cmw_utils.c **** 
  31:../../Middlewares/Camera_Middleware/cmw_utils.c **** static void CMW_UTILS_get_crop_config(uint32_t cam_width, uint32_t cam_height, uint32_t pipe_width,
  32:../../Middlewares/Camera_Middleware/cmw_utils.c ****                                       uint32_t pipe_height, DCMIPP_CropConfTypeDef *crop);
  33:../../Middlewares/Camera_Middleware/cmw_utils.c **** static void CMW_UTILS_get_crop_config_from_manual(CMW_Manual_roi_area_t *conf, DCMIPP_CropConfTypeD
  34:../../Middlewares/Camera_Middleware/cmw_utils.c **** static void CMW_UTILS_get_down_config(float ratio_width, float ratio_height, int width, int height,
  35:../../Middlewares/Camera_Middleware/cmw_utils.c ****                                       DCMIPP_DownsizeTypeDef *down);
  36:../../Middlewares/Camera_Middleware/cmw_utils.c **** static uint32_t CMW_UTILS_get_dec_ratio_and_update(float *ratio, int is_vertical);
  37:../../Middlewares/Camera_Middleware/cmw_utils.c **** static void CMW_UTILS_get_scale_configs(CMW_DCMIPP_Conf_t *p_conf, float ratio_width, float ratio_h
  38:../../Middlewares/Camera_Middleware/cmw_utils.c ****                                        DCMIPP_DecimationConfTypeDef *dec, DCMIPP_DownsizeTypeDef *d
  39:../../Middlewares/Camera_Middleware/cmw_utils.c **** 
  40:../../Middlewares/Camera_Middleware/cmw_utils.c **** void CMW_UTILS_GetPipeConfig(uint32_t cam_width, uint32_t cam_height, CMW_DCMIPP_Conf_t *p_conf,
  41:../../Middlewares/Camera_Middleware/cmw_utils.c ****                              DCMIPP_CropConfTypeDef *crop, DCMIPP_DecimationConfTypeDef *dec,
  42:../../Middlewares/Camera_Middleware/cmw_utils.c ****                              DCMIPP_DownsizeTypeDef *down)
  43:../../Middlewares/Camera_Middleware/cmw_utils.c **** {
  44:../../Middlewares/Camera_Middleware/cmw_utils.c ****   float ratio_height = 0;
  45:../../Middlewares/Camera_Middleware/cmw_utils.c ****   float ratio_width = 0;
  46:../../Middlewares/Camera_Middleware/cmw_utils.c **** 
  47:../../Middlewares/Camera_Middleware/cmw_utils.c ****   if (p_conf->mode == CMW_Aspect_ratio_crop)
  48:../../Middlewares/Camera_Middleware/cmw_utils.c ****   {
  49:../../Middlewares/Camera_Middleware/cmw_utils.c ****     CMW_UTILS_get_crop_config(cam_width, cam_height, p_conf->output_width, p_conf->output_height, c
  50:../../Middlewares/Camera_Middleware/cmw_utils.c ****     ratio_width = (float)crop->HSize / p_conf->output_width;
  51:../../Middlewares/Camera_Middleware/cmw_utils.c ****     ratio_height = (float)crop->VSize / p_conf->output_height;
  52:../../Middlewares/Camera_Middleware/cmw_utils.c ****   }
  53:../../Middlewares/Camera_Middleware/cmw_utils.c ****   else if (p_conf->mode == CMW_Aspect_ratio_fit)
  54:../../Middlewares/Camera_Middleware/cmw_utils.c ****   {
  55:../../Middlewares/Camera_Middleware/cmw_utils.c ****     ratio_width = (float)cam_width / p_conf->output_width;
  56:../../Middlewares/Camera_Middleware/cmw_utils.c ****     ratio_height = (float)cam_height / p_conf->output_height;
  57:../../Middlewares/Camera_Middleware/cmw_utils.c ****   }
  58:../../Middlewares/Camera_Middleware/cmw_utils.c ****   else if (p_conf->mode == CMW_Aspect_ratio_fullscreen)
  59:../../Middlewares/Camera_Middleware/cmw_utils.c ****   {
  60:../../Middlewares/Camera_Middleware/cmw_utils.c ****     ratio_height = (float) cam_height / p_conf->output_height;
  61:../../Middlewares/Camera_Middleware/cmw_utils.c ****     ratio_width = (float) ratio_height;
  62:../../Middlewares/Camera_Middleware/cmw_utils.c ****   }
  63:../../Middlewares/Camera_Middleware/cmw_utils.c ****   else
  64:../../Middlewares/Camera_Middleware/cmw_utils.c ****   {
  65:../../Middlewares/Camera_Middleware/cmw_utils.c ****     CMW_UTILS_get_crop_config_from_manual(&p_conf->manual_conf, crop);
  66:../../Middlewares/Camera_Middleware/cmw_utils.c ****     ratio_width = (float)crop->HSize / p_conf->output_width;
  67:../../Middlewares/Camera_Middleware/cmw_utils.c ****     ratio_height = (float)crop->VSize / p_conf->output_height;
  68:../../Middlewares/Camera_Middleware/cmw_utils.c ****   }
  69:../../Middlewares/Camera_Middleware/cmw_utils.c **** 
  70:../../Middlewares/Camera_Middleware/cmw_utils.c ****   CMW_UTILS_get_scale_configs(p_conf, ratio_width, ratio_height, dec, down);
  71:../../Middlewares/Camera_Middleware/cmw_utils.c **** }
  72:../../Middlewares/Camera_Middleware/cmw_utils.c **** 
  73:../../Middlewares/Camera_Middleware/cmw_utils.c **** static void CMW_UTILS_get_crop_config(uint32_t cam_width, uint32_t cam_height, uint32_t pipe_width,
ARM GAS  C:\Users\Antonio\AppData\Local\Temp\ccFOKYir.s 			page 3


  74:../../Middlewares/Camera_Middleware/cmw_utils.c **** {
  75:../../Middlewares/Camera_Middleware/cmw_utils.c ****   const float ratio_width = (float)cam_width / pipe_width ;
  76:../../Middlewares/Camera_Middleware/cmw_utils.c ****   const float ratio_height = (float)cam_height / pipe_height;
  77:../../Middlewares/Camera_Middleware/cmw_utils.c ****   const float ratio = MIN(ratio_width, ratio_height);
  78:../../Middlewares/Camera_Middleware/cmw_utils.c **** 
  79:../../Middlewares/Camera_Middleware/cmw_utils.c ****   assert(ratio >= 1);
  80:../../Middlewares/Camera_Middleware/cmw_utils.c ****   assert(ratio < 64);
  81:../../Middlewares/Camera_Middleware/cmw_utils.c **** 
  82:../../Middlewares/Camera_Middleware/cmw_utils.c ****   crop->HSize = (uint32_t) MIN(pipe_width * ratio, cam_width);
  83:../../Middlewares/Camera_Middleware/cmw_utils.c ****   crop->VSize = (uint32_t) MIN(pipe_height * ratio, cam_height);
  84:../../Middlewares/Camera_Middleware/cmw_utils.c ****   crop->HStart = (cam_width - crop->HSize + 1) / 2;
  85:../../Middlewares/Camera_Middleware/cmw_utils.c ****   crop->VStart = (cam_height - crop->VSize + 1) / 2;
  86:../../Middlewares/Camera_Middleware/cmw_utils.c ****   crop->PipeArea = DCMIPP_POSITIVE_AREA;
  87:../../Middlewares/Camera_Middleware/cmw_utils.c **** }
  88:../../Middlewares/Camera_Middleware/cmw_utils.c **** 
  89:../../Middlewares/Camera_Middleware/cmw_utils.c **** static void CMW_UTILS_get_crop_config_from_manual(CMW_Manual_roi_area_t *roi, DCMIPP_CropConfTypeDe
  90:../../Middlewares/Camera_Middleware/cmw_utils.c **** {
  91:../../Middlewares/Camera_Middleware/cmw_utils.c ****   crop->HSize = roi->width;
  92:../../Middlewares/Camera_Middleware/cmw_utils.c ****   crop->VSize = roi->height;
  93:../../Middlewares/Camera_Middleware/cmw_utils.c ****   crop->HStart = roi->offset_x;
  94:../../Middlewares/Camera_Middleware/cmw_utils.c ****   crop->VStart = roi->offset_y;
  95:../../Middlewares/Camera_Middleware/cmw_utils.c **** }
  96:../../Middlewares/Camera_Middleware/cmw_utils.c **** 
  97:../../Middlewares/Camera_Middleware/cmw_utils.c **** static void CMW_UTILS_get_down_config(float ratio_width, float ratio_height, int width, int height,
  98:../../Middlewares/Camera_Middleware/cmw_utils.c **** {
  99:../../Middlewares/Camera_Middleware/cmw_utils.c ****   down->HRatio = (uint32_t) (8192 * ratio_width);
 100:../../Middlewares/Camera_Middleware/cmw_utils.c ****   down->VRatio = (uint32_t) (8192 * ratio_height);
 101:../../Middlewares/Camera_Middleware/cmw_utils.c ****   down->HDivFactor = (1024 * 8192 - 1) / down->HRatio;
 102:../../Middlewares/Camera_Middleware/cmw_utils.c ****   down->VDivFactor = (1024 * 8192 - 1) / down->VRatio;
 103:../../Middlewares/Camera_Middleware/cmw_utils.c ****   down->HSize = width;
 104:../../Middlewares/Camera_Middleware/cmw_utils.c ****   down->VSize = height;
 105:../../Middlewares/Camera_Middleware/cmw_utils.c **** }
 106:../../Middlewares/Camera_Middleware/cmw_utils.c **** 
 107:../../Middlewares/Camera_Middleware/cmw_utils.c **** static uint32_t CMW_UTILS_get_dec_ratio_from_decimal_ratio(int dec_ratio, int is_vertical)
 108:../../Middlewares/Camera_Middleware/cmw_utils.c **** {
 109:../../Middlewares/Camera_Middleware/cmw_utils.c ****   switch (dec_ratio) {
 110:../../Middlewares/Camera_Middleware/cmw_utils.c ****   case 1:
 111:../../Middlewares/Camera_Middleware/cmw_utils.c ****     return is_vertical ? DCMIPP_VDEC_ALL : DCMIPP_HDEC_ALL;
 112:../../Middlewares/Camera_Middleware/cmw_utils.c ****   case 2:
 113:../../Middlewares/Camera_Middleware/cmw_utils.c ****     return is_vertical ? DCMIPP_VDEC_1_OUT_2 : DCMIPP_HDEC_1_OUT_2;
 114:../../Middlewares/Camera_Middleware/cmw_utils.c ****   case 4:
 115:../../Middlewares/Camera_Middleware/cmw_utils.c ****     return is_vertical ? DCMIPP_VDEC_1_OUT_4 : DCMIPP_HDEC_1_OUT_4;
 116:../../Middlewares/Camera_Middleware/cmw_utils.c ****   case 8:
 117:../../Middlewares/Camera_Middleware/cmw_utils.c ****     return is_vertical ? DCMIPP_VDEC_1_OUT_8 : DCMIPP_HDEC_1_OUT_8;
 118:../../Middlewares/Camera_Middleware/cmw_utils.c ****   default:
 119:../../Middlewares/Camera_Middleware/cmw_utils.c ****     assert(0);
 120:../../Middlewares/Camera_Middleware/cmw_utils.c ****   }
 121:../../Middlewares/Camera_Middleware/cmw_utils.c **** 
 122:../../Middlewares/Camera_Middleware/cmw_utils.c ****   return is_vertical ? DCMIPP_VDEC_ALL : DCMIPP_HDEC_ALL;
 123:../../Middlewares/Camera_Middleware/cmw_utils.c **** }
 124:../../Middlewares/Camera_Middleware/cmw_utils.c **** 
 125:../../Middlewares/Camera_Middleware/cmw_utils.c **** static uint32_t CMW_UTILS_get_dec_ratio_and_update(float *ratio, int is_vertical)
 126:../../Middlewares/Camera_Middleware/cmw_utils.c **** {
  39              		.loc 1 126 1 view -0
  40              		.cfi_startproc
  41              		@ args = 0, pretend = 0, frame = 0
  42              		@ frame_needed = 0, uses_anonymous_args = 0
ARM GAS  C:\Users\Antonio\AppData\Local\Temp\ccFOKYir.s 			page 4


 127:../../Middlewares/Camera_Middleware/cmw_utils.c ****   int dec_ratio = 1;
  43              		.loc 1 127 3 view .LVU1
 128:../../Middlewares/Camera_Middleware/cmw_utils.c **** 
 129:../../Middlewares/Camera_Middleware/cmw_utils.c ****   while (*ratio >= 8) {
  44              		.loc 1 129 3 view .LVU2
 126:../../Middlewares/Camera_Middleware/cmw_utils.c ****   int dec_ratio = 1;
  45              		.loc 1 126 1 is_stmt 0 view .LVU3
  46 0000 08B5     		push	{r3, lr}
  47              		.cfi_def_cfa_offset 8
  48              		.cfi_offset 3, -8
  49              		.cfi_offset 14, -4
  50              		.loc 1 129 17 view .LVU4
  51 0002 B2EE007A 		vmov.f32	s14, #8.0e+0
 127:../../Middlewares/Camera_Middleware/cmw_utils.c ****   int dec_ratio = 1;
  52              		.loc 1 127 7 view .LVU5
  53 0006 0123     		movs	r3, #1
 130:../../Middlewares/Camera_Middleware/cmw_utils.c ****     dec_ratio *= 2;
 131:../../Middlewares/Camera_Middleware/cmw_utils.c ****     *ratio /= 2;
  54              		.loc 1 131 12 view .LVU6
  55 0008 F6EE006A 		vmov.f32	s13, #5.0e-1
  56              	.LVL1:
  57              	.L2:
 129:../../Middlewares/Camera_Middleware/cmw_utils.c ****     dec_ratio *= 2;
  58              		.loc 1 129 17 is_stmt 1 view .LVU7
 129:../../Middlewares/Camera_Middleware/cmw_utils.c ****     dec_ratio *= 2;
  59              		.loc 1 129 10 is_stmt 0 view .LVU8
  60 000c D0ED007A 		vldr.32	s15, [r0]
 129:../../Middlewares/Camera_Middleware/cmw_utils.c ****     dec_ratio *= 2;
  61              		.loc 1 129 17 view .LVU9
  62 0010 F4EEC77A 		vcmpe.f32	s15, s14
  63 0014 F1EE10FA 		vmrs	APSR_nzcv, FPSCR
  64 0018 08DA     		bge	.L3
 132:../../Middlewares/Camera_Middleware/cmw_utils.c ****   }
 133:../../Middlewares/Camera_Middleware/cmw_utils.c **** 
 134:../../Middlewares/Camera_Middleware/cmw_utils.c ****   return CMW_UTILS_get_dec_ratio_from_decimal_ratio(dec_ratio, is_vertical);
  65              		.loc 1 134 3 is_stmt 1 view .LVU10
  66              	.LVL2:
  67              	.LBB4:
  68              	.LBI4:
 107:../../Middlewares/Camera_Middleware/cmw_utils.c **** {
  69              		.loc 1 107 17 view .LVU11
  70              	.LBB5:
 109:../../Middlewares/Camera_Middleware/cmw_utils.c ****   case 1:
  71              		.loc 1 109 3 view .LVU12
  72 001a 013B     		subs	r3, r3, #1
  73              	.LVL3:
 109:../../Middlewares/Camera_Middleware/cmw_utils.c ****   case 1:
  74              		.loc 1 109 3 is_stmt 0 view .LVU13
  75 001c 072B     		cmp	r3, #7
  76 001e 1AD8     		bhi	.L4
  77 0020 DFE803F0 		tbb	[pc, r3]
  78              	.L6:
  79 0024 1F       		.byte	(.L10-.L6)/2
  80 0025 0A       		.byte	(.L8-.L6)/2
  81 0026 19       		.byte	(.L4-.L6)/2
  82 0027 0F       		.byte	(.L7-.L6)/2
  83 0028 19       		.byte	(.L4-.L6)/2
ARM GAS  C:\Users\Antonio\AppData\Local\Temp\ccFOKYir.s 			page 5


  84 0029 19       		.byte	(.L4-.L6)/2
  85 002a 19       		.byte	(.L4-.L6)/2
  86 002b 14       		.byte	(.L5-.L6)/2
  87              	.LVL4:
  88              		.p2align 1
  89              	.L3:
 109:../../Middlewares/Camera_Middleware/cmw_utils.c ****   case 1:
  90              		.loc 1 109 3 view .LVU14
  91              	.LBE5:
  92              	.LBE4:
 130:../../Middlewares/Camera_Middleware/cmw_utils.c ****     *ratio /= 2;
  93              		.loc 1 130 5 is_stmt 1 view .LVU15
 131:../../Middlewares/Camera_Middleware/cmw_utils.c ****   }
  94              		.loc 1 131 12 is_stmt 0 view .LVU16
  95 002c 67EEA67A 		vmul.f32	s15, s15, s13
 130:../../Middlewares/Camera_Middleware/cmw_utils.c ****     *ratio /= 2;
  96              		.loc 1 130 15 view .LVU17
  97 0030 5B00     		lsls	r3, r3, #1
  98              	.LVL5:
 131:../../Middlewares/Camera_Middleware/cmw_utils.c ****   }
  99              		.loc 1 131 5 is_stmt 1 view .LVU18
 131:../../Middlewares/Camera_Middleware/cmw_utils.c ****   }
 100              		.loc 1 131 12 is_stmt 0 view .LVU19
 101 0032 C0ED007A 		vstr.32	s15, [r0]
 102 0036 E9E7     		b	.L2
 103              	.LVL6:
 104              	.L8:
 105              	.LBB8:
 106              	.LBB6:
 113:../../Middlewares/Camera_Middleware/cmw_utils.c ****   case 4:
 107              		.loc 1 113 5 is_stmt 1 view .LVU20
 113:../../Middlewares/Camera_Middleware/cmw_utils.c ****   case 4:
 108              		.loc 1 113 46 is_stmt 0 discriminator 1 view .LVU21
 109 0038 0029     		cmp	r1, #0
 110 003a 0CBF     		ite	eq
 111 003c 0220     		moveq	r0, #2
 112              	.LVL7:
 113:../../Middlewares/Camera_Middleware/cmw_utils.c ****   case 4:
 113              		.loc 1 113 46 discriminator 1 view .LVU22
 114 003e 0820     		movne	r0, #8
 115              	.L1:
 113:../../Middlewares/Camera_Middleware/cmw_utils.c ****   case 4:
 116              		.loc 1 113 46 discriminator 1 view .LVU23
 117              	.LBE6:
 118              	.LBE8:
 135:../../Middlewares/Camera_Middleware/cmw_utils.c **** }
 119              		.loc 1 135 1 view .LVU24
 120 0040 08BD     		pop	{r3, pc}
 121              	.LVL8:
 122              	.L7:
 123              	.LBB9:
 124              	.LBB7:
 115:../../Middlewares/Camera_Middleware/cmw_utils.c ****   case 8:
 125              		.loc 1 115 5 is_stmt 1 view .LVU25
 115:../../Middlewares/Camera_Middleware/cmw_utils.c ****   case 8:
 126              		.loc 1 115 46 is_stmt 0 discriminator 1 view .LVU26
 127 0042 0029     		cmp	r1, #0
ARM GAS  C:\Users\Antonio\AppData\Local\Temp\ccFOKYir.s 			page 6


 128 0044 0CBF     		ite	eq
 129 0046 0420     		moveq	r0, #4
 130              	.LVL9:
 115:../../Middlewares/Camera_Middleware/cmw_utils.c ****   case 8:
 131              		.loc 1 115 46 discriminator 1 view .LVU27
 132 0048 1020     		movne	r0, #16
 133 004a F9E7     		b	.L1
 134              	.LVL10:
 135              	.L5:
 117:../../Middlewares/Camera_Middleware/cmw_utils.c ****   default:
 136              		.loc 1 117 5 is_stmt 1 view .LVU28
 117:../../Middlewares/Camera_Middleware/cmw_utils.c ****   default:
 137              		.loc 1 117 46 is_stmt 0 discriminator 1 view .LVU29
 138 004c 0029     		cmp	r1, #0
 139 004e 0CBF     		ite	eq
 140 0050 0620     		moveq	r0, #6
 141              	.LVL11:
 117:../../Middlewares/Camera_Middleware/cmw_utils.c ****   default:
 142              		.loc 1 117 46 discriminator 1 view .LVU30
 143 0052 1820     		movne	r0, #24
 144 0054 F4E7     		b	.L1
 145              	.LVL12:
 146              	.L4:
 119:../../Middlewares/Camera_Middleware/cmw_utils.c ****   }
 147              		.loc 1 119 5 is_stmt 1 view .LVU31
 148 0056 7721     		movs	r1, #119
 149              	.LVL13:
 119:../../Middlewares/Camera_Middleware/cmw_utils.c ****   }
 150              		.loc 1 119 5 is_stmt 0 view .LVU32
 151 0058 034B     		ldr	r3, .L14
 152              	.LVL14:
 119:../../Middlewares/Camera_Middleware/cmw_utils.c ****   }
 153              		.loc 1 119 5 view .LVU33
 154 005a 044A     		ldr	r2, .L14+4
 155 005c 0448     		ldr	r0, .L14+8
 156              	.LVL15:
 119:../../Middlewares/Camera_Middleware/cmw_utils.c ****   }
 157              		.loc 1 119 5 view .LVU34
 158 005e FFF7FEFF 		bl	__assert_func
 159              	.LVL16:
 160              	.L10:
 109:../../Middlewares/Camera_Middleware/cmw_utils.c ****   case 1:
 161              		.loc 1 109 3 view .LVU35
 162 0062 0020     		movs	r0, #0
 163              	.LVL17:
 109:../../Middlewares/Camera_Middleware/cmw_utils.c ****   case 1:
 164              		.loc 1 109 3 view .LVU36
 165 0064 ECE7     		b	.L1
 166              	.L15:
 167 0066 00BF     		.align	2
 168              	.L14:
 169 0068 00000000 		.word	.LC0
 170 006c 00000000 		.word	__func__.0
 171 0070 02000000 		.word	.LC1
 172              	.LBE7:
 173              	.LBE9:
 174              		.cfi_endproc
ARM GAS  C:\Users\Antonio\AppData\Local\Temp\ccFOKYir.s 			page 7


 175              	.LFE843:
 177              		.section	.rodata.CMW_UTILS_GetPipeConfig.str1.1,"aMS",%progbits,1
 178              	.LC2:
 179 0000 72617469 		.ascii	"ratio >= 1\000"
 179      6F203E3D 
 179      203100
 180              	.LC3:
 181 000b 72617469 		.ascii	"ratio < 64\000"
 181      6F203C20 
 181      363400
 182              		.section	.text.CMW_UTILS_GetPipeConfig,"ax",%progbits
 183              		.align	1
 184              		.global	CMW_UTILS_GetPipeConfig
 185              		.syntax unified
 186              		.thumb
 187              		.thumb_func
 189              	CMW_UTILS_GetPipeConfig:
 190              	.LVL18:
 191              	.LFB838:
  43:../../Middlewares/Camera_Middleware/cmw_utils.c ****   float ratio_height = 0;
 192              		.loc 1 43 1 is_stmt 1 view -0
 193              		.cfi_startproc
 194              		@ args = 8, pretend = 0, frame = 8
 195              		@ frame_needed = 0, uses_anonymous_args = 0
  43:../../Middlewares/Camera_Middleware/cmw_utils.c ****   float ratio_height = 0;
 196              		.loc 1 43 1 is_stmt 0 view .LVU38
 197 0000 F7B5     		push	{r0, r1, r2, r4, r5, r6, r7, lr}
 198              		.cfi_def_cfa_offset 32
 199              		.cfi_offset 4, -20
 200              		.cfi_offset 5, -16
 201              		.cfi_offset 6, -12
 202              		.cfi_offset 7, -8
 203              		.cfi_offset 14, -4
  43:../../Middlewares/Camera_Middleware/cmw_utils.c ****   float ratio_height = 0;
 204              		.loc 1 43 1 view .LVU39
 205 0002 1446     		mov	r4, r2
 206 0004 DDE90856 		ldrd	r5, r6, [sp, #32]
  49:../../Middlewares/Camera_Middleware/cmw_utils.c ****     ratio_width = (float)crop->HSize / p_conf->output_width;
 207              		.loc 1 49 5 view .LVU40
 208 0008 6768     		ldr	r7, [r4, #4]
  47:../../Middlewares/Camera_Middleware/cmw_utils.c ****   {
 209              		.loc 1 47 13 view .LVU41
 210 000a 9269     		ldr	r2, [r2, #24]
 211              	.LVL19:
 212              	.LBB18:
 213              	.LBB19:
  76:../../Middlewares/Camera_Middleware/cmw_utils.c ****   const float ratio = MIN(ratio_width, ratio_height);
 214              		.loc 1 76 48 view .LVU42
 215 000c 06EE907A 		vmov	s13, r7	@ int
 216              	.LBE19:
 217              	.LBE18:
  43:../../Middlewares/Camera_Middleware/cmw_utils.c ****   float ratio_height = 0;
 218              		.loc 1 43 1 view .LVU43
 219 0010 07EE100A 		vmov	s14, r0	@ int
 220 0014 07EE901A 		vmov	s15, r1	@ int
  44:../../Middlewares/Camera_Middleware/cmw_utils.c ****   float ratio_width = 0;
 221              		.loc 1 44 3 is_stmt 1 view .LVU44
ARM GAS  C:\Users\Antonio\AppData\Local\Temp\ccFOKYir.s 			page 8


 222              	.LVL20:
  45:../../Middlewares/Camera_Middleware/cmw_utils.c **** 
 223              		.loc 1 45 3 view .LVU45
  47:../../Middlewares/Camera_Middleware/cmw_utils.c ****   {
 224              		.loc 1 47 3 view .LVU46
 225              	.LBB24:
 226              	.LBB20:
  76:../../Middlewares/Camera_Middleware/cmw_utils.c ****   const float ratio = MIN(ratio_width, ratio_height);
 227              		.loc 1 76 48 is_stmt 0 view .LVU47
 228 0018 B8EE665A 		vcvt.f32.u32	s10, s13
 229              	.LBE20:
 230              	.LBE24:
  47:../../Middlewares/Camera_Middleware/cmw_utils.c ****   {
 231              		.loc 1 47 6 view .LVU48
 232 001c 002A     		cmp	r2, #0
 233 001e 40F08E80 		bne	.L17
  49:../../Middlewares/Camera_Middleware/cmw_utils.c ****     ratio_width = (float)crop->HSize / p_conf->output_width;
 234              		.loc 1 49 5 is_stmt 1 view .LVU49
 235              	.LVL21:
 236              	.LBB25:
 237              	.LBI18:
  73:../../Middlewares/Camera_Middleware/cmw_utils.c **** {
 238              		.loc 1 73 13 view .LVU50
 239              	.LBB21:
  75:../../Middlewares/Camera_Middleware/cmw_utils.c ****   const float ratio_height = (float)cam_height / pipe_height;
 240              		.loc 1 75 3 view .LVU51
  75:../../Middlewares/Camera_Middleware/cmw_utils.c ****   const float ratio_height = (float)cam_height / pipe_height;
 241              		.loc 1 75 46 is_stmt 0 view .LVU52
 242 0022 D4ED006A 		vldr.32	s13, [r4]	@ int
  75:../../Middlewares/Camera_Middleware/cmw_utils.c ****   const float ratio_height = (float)cam_height / pipe_height;
 243              		.loc 1 75 29 view .LVU53
 244 0026 B8EE476A 		vcvt.f32.u32	s12, s14
  75:../../Middlewares/Camera_Middleware/cmw_utils.c ****   const float ratio_height = (float)cam_height / pipe_height;
 245              		.loc 1 75 46 view .LVU54
 246 002a F8EE664A 		vcvt.f32.u32	s9, s13
  76:../../Middlewares/Camera_Middleware/cmw_utils.c ****   const float ratio = MIN(ratio_width, ratio_height);
 247              		.loc 1 76 30 view .LVU55
 248 002e F8EE676A 		vcvt.f32.u32	s13, s15
  75:../../Middlewares/Camera_Middleware/cmw_utils.c ****   const float ratio_height = (float)cam_height / pipe_height;
 249              		.loc 1 75 15 view .LVU56
 250 0032 86EE244A 		vdiv.f32	s8, s12, s9
 251              	.LVL22:
  76:../../Middlewares/Camera_Middleware/cmw_utils.c ****   const float ratio = MIN(ratio_width, ratio_height);
 252              		.loc 1 76 3 is_stmt 1 view .LVU57
  76:../../Middlewares/Camera_Middleware/cmw_utils.c ****   const float ratio = MIN(ratio_width, ratio_height);
 253              		.loc 1 76 15 is_stmt 0 view .LVU58
 254 0036 C6EE855A 		vdiv.f32	s11, s13, s10
 255              	.LVL23:
  77:../../Middlewares/Camera_Middleware/cmw_utils.c **** 
 256              		.loc 1 77 3 is_stmt 1 view .LVU59
  77:../../Middlewares/Camera_Middleware/cmw_utils.c **** 
 257              		.loc 1 77 23 is_stmt 0 discriminator 1 view .LVU60
 258 003a B4EE654A 		vcmp.f32	s8, s11
 259 003e F1EE10FA 		vmrs	APSR_nzcv, FPSCR
 260 0042 48BF     		it	mi
 261 0044 F0EE445A 		vmovmi.f32	s11, s8
 262              	.LVL24:
ARM GAS  C:\Users\Antonio\AppData\Local\Temp\ccFOKYir.s 			page 9


  79:../../Middlewares/Camera_Middleware/cmw_utils.c ****   assert(ratio < 64);
 263              		.loc 1 79 3 is_stmt 1 view .LVU61
 264 0048 B7EE004A 		vmov.f32	s8, #1.0e+0
 265              	.LVL25:
  79:../../Middlewares/Camera_Middleware/cmw_utils.c ****   assert(ratio < 64);
 266              		.loc 1 79 3 is_stmt 0 view .LVU62
 267 004c F4EEC45A 		vcmpe.f32	s11, s8
 268 0050 F1EE10FA 		vmrs	APSR_nzcv, FPSCR
 269 0054 05DA     		bge	.L20
  79:../../Middlewares/Camera_Middleware/cmw_utils.c ****   assert(ratio < 64);
 270              		.loc 1 79 3 discriminator 1 view .LVU63
 271 0056 4F21     		movs	r1, #79
 272              	.LVL26:
  79:../../Middlewares/Camera_Middleware/cmw_utils.c ****   assert(ratio < 64);
 273              		.loc 1 79 3 discriminator 1 view .LVU64
 274 0058 4F4B     		ldr	r3, .L38
 275              	.LVL27:
  79:../../Middlewares/Camera_Middleware/cmw_utils.c ****   assert(ratio < 64);
 276              		.loc 1 79 3 discriminator 1 view .LVU65
 277 005a 504A     		ldr	r2, .L38+4
 278              	.L37:
  80:../../Middlewares/Camera_Middleware/cmw_utils.c **** 
 279              		.loc 1 80 3 discriminator 1 view .LVU66
 280 005c 5048     		ldr	r0, .L38+8
 281              	.LVL28:
  80:../../Middlewares/Camera_Middleware/cmw_utils.c **** 
 282              		.loc 1 80 3 discriminator 1 view .LVU67
 283 005e FFF7FEFF 		bl	__assert_func
 284              	.LVL29:
 285              	.L20:
  80:../../Middlewares/Camera_Middleware/cmw_utils.c **** 
 286              		.loc 1 80 3 is_stmt 1 view .LVU68
 287 0062 9FED504A 		vldr.32	s8, .L38+12
 288 0066 F4EEC45A 		vcmpe.f32	s11, s8
 289 006a F1EE10FA 		vmrs	APSR_nzcv, FPSCR
 290 006e 03D4     		bmi	.L21
  80:../../Middlewares/Camera_Middleware/cmw_utils.c **** 
 291              		.loc 1 80 3 is_stmt 0 discriminator 1 view .LVU69
 292 0070 5021     		movs	r1, #80
 293              	.LVL30:
  80:../../Middlewares/Camera_Middleware/cmw_utils.c **** 
 294              		.loc 1 80 3 discriminator 1 view .LVU70
 295 0072 4D4B     		ldr	r3, .L38+16
 296              	.LVL31:
  80:../../Middlewares/Camera_Middleware/cmw_utils.c **** 
 297              		.loc 1 80 3 discriminator 1 view .LVU71
 298 0074 494A     		ldr	r2, .L38+4
 299 0076 F1E7     		b	.L37
 300              	.LVL32:
 301              	.L21:
  82:../../Middlewares/Camera_Middleware/cmw_utils.c ****   crop->VSize = (uint32_t) MIN(pipe_height * ratio, cam_height);
 302              		.loc 1 82 3 is_stmt 1 view .LVU72
  82:../../Middlewares/Camera_Middleware/cmw_utils.c ****   crop->VSize = (uint32_t) MIN(pipe_height * ratio, cam_height);
 303              		.loc 1 82 28 is_stmt 0 view .LVU73
 304 0078 24EEA54A 		vmul.f32	s8, s9, s11
  82:../../Middlewares/Camera_Middleware/cmw_utils.c ****   crop->VSize = (uint32_t) MIN(pipe_height * ratio, cam_height);
 305              		.loc 1 82 17 view .LVU74
ARM GAS  C:\Users\Antonio\AppData\Local\Temp\ccFOKYir.s 			page 10


 306 007c B4EEC46A 		vcmpe.f32	s12, s8
  83:../../Middlewares/Camera_Middleware/cmw_utils.c ****   crop->HStart = (cam_width - crop->HSize + 1) / 2;
 307              		.loc 1 83 28 view .LVU75
 308 0080 65EE255A 		vmul.f32	s11, s10, s11
 309              	.LVL33:
  82:../../Middlewares/Camera_Middleware/cmw_utils.c ****   crop->VSize = (uint32_t) MIN(pipe_height * ratio, cam_height);
 310              		.loc 1 82 17 view .LVU76
 311 0084 F1EE10FA 		vmrs	APSR_nzcv, FPSCR
  83:../../Middlewares/Camera_Middleware/cmw_utils.c ****   crop->HStart = (cam_width - crop->HSize + 1) / 2;
 312              		.loc 1 83 17 view .LVU77
 313 0088 F4EEE56A 		vcmpe.f32	s13, s11
  82:../../Middlewares/Camera_Middleware/cmw_utils.c ****   crop->VSize = (uint32_t) MIN(pipe_height * ratio, cam_height);
 314              		.loc 1 82 17 discriminator 1 view .LVU78
 315 008c CCBF     		ite	gt
 316 008e BCEEC46A 		vcvtgt.u32.f32	s12, s8
 317              	.LVL34:
  82:../../Middlewares/Camera_Middleware/cmw_utils.c ****   crop->VSize = (uint32_t) MIN(pipe_height * ratio, cam_height);
 318              		.loc 1 82 17 discriminator 2 view .LVU79
 319 0092 BCEEC66A 		vcvtle.u32.f32	s12, s12
  83:../../Middlewares/Camera_Middleware/cmw_utils.c ****   crop->HStart = (cam_width - crop->HSize + 1) / 2;
 320              		.loc 1 83 17 view .LVU80
 321 0096 F1EE10FA 		vmrs	APSR_nzcv, FPSCR
  84:../../Middlewares/Camera_Middleware/cmw_utils.c ****   crop->VStart = (cam_height - crop->VSize + 1) / 2;
 322              		.loc 1 84 43 view .LVU81
 323 009a 0146     		mov	r1, r0
 324              	.LVL35:
  84:../../Middlewares/Camera_Middleware/cmw_utils.c ****   crop->VStart = (cam_height - crop->VSize + 1) / 2;
 325              		.loc 1 84 43 view .LVU82
 326 009c 16EE102A 		vmov	r2, s12	@ int
  83:../../Middlewares/Camera_Middleware/cmw_utils.c ****   crop->HStart = (cam_width - crop->HSize + 1) / 2;
 327              		.loc 1 83 17 discriminator 1 view .LVU83
 328 00a0 CCBF     		ite	gt
 329 00a2 FCEEE56A 		vcvtgt.u32.f32	s13, s11
 330              	.LVL36:
  83:../../Middlewares/Camera_Middleware/cmw_utils.c ****   crop->HStart = (cam_width - crop->HSize + 1) / 2;
 331              		.loc 1 83 17 discriminator 2 view .LVU84
 332 00a6 FCEEE66A 		vcvtle.u32.f32	s13, s13
  84:../../Middlewares/Camera_Middleware/cmw_utils.c ****   crop->VStart = (cam_height - crop->VSize + 1) / 2;
 333              		.loc 1 84 43 view .LVU85
 334 00aa 0131     		adds	r1, r1, #1
 335 00ac 891A     		subs	r1, r1, r2
  84:../../Middlewares/Camera_Middleware/cmw_utils.c ****   crop->VStart = (cam_height - crop->VSize + 1) / 2;
 336              		.loc 1 84 48 view .LVU86
 337 00ae 4908     		lsrs	r1, r1, #1
  84:../../Middlewares/Camera_Middleware/cmw_utils.c ****   crop->VStart = (cam_height - crop->VSize + 1) / 2;
 338              		.loc 1 84 16 view .LVU87
 339 00b0 5960     		str	r1, [r3, #4]
  85:../../Middlewares/Camera_Middleware/cmw_utils.c ****   crop->PipeArea = DCMIPP_POSITIVE_AREA;
 340              		.loc 1 85 44 view .LVU88
 341 00b2 17EE901A 		vmov	r1, s15	@ int
 342 00b6 16EE902A 		vmov	r2, s13	@ int
  82:../../Middlewares/Camera_Middleware/cmw_utils.c ****   crop->VSize = (uint32_t) MIN(pipe_height * ratio, cam_height);
 343              		.loc 1 82 15 discriminator 4 view .LVU89
 344 00ba 83ED036A 		vstr.32	s12, [r3, #12]	@ int
  83:../../Middlewares/Camera_Middleware/cmw_utils.c ****   crop->HStart = (cam_width - crop->HSize + 1) / 2;
 345              		.loc 1 83 3 is_stmt 1 view .LVU90
  83:../../Middlewares/Camera_Middleware/cmw_utils.c ****   crop->HStart = (cam_width - crop->HSize + 1) / 2;
ARM GAS  C:\Users\Antonio\AppData\Local\Temp\ccFOKYir.s 			page 11


 346              		.loc 1 83 15 is_stmt 0 discriminator 4 view .LVU91
 347 00be C3ED026A 		vstr.32	s13, [r3, #8]	@ int
  84:../../Middlewares/Camera_Middleware/cmw_utils.c ****   crop->VStart = (cam_height - crop->VSize + 1) / 2;
 348              		.loc 1 84 3 is_stmt 1 view .LVU92
  85:../../Middlewares/Camera_Middleware/cmw_utils.c ****   crop->PipeArea = DCMIPP_POSITIVE_AREA;
 349              		.loc 1 85 3 view .LVU93
 350              	.LBE21:
 351              	.LBE25:
  50:../../Middlewares/Camera_Middleware/cmw_utils.c ****     ratio_height = (float)crop->VSize / p_conf->output_height;
 352              		.loc 1 50 19 is_stmt 0 view .LVU94
 353 00c2 B8EE466A 		vcvt.f32.u32	s12, s12
  51:../../Middlewares/Camera_Middleware/cmw_utils.c ****   }
 354              		.loc 1 51 20 view .LVU95
 355 00c6 F8EE666A 		vcvt.f32.u32	s13, s13
 356              	.LBB26:
 357              	.LBB22:
  85:../../Middlewares/Camera_Middleware/cmw_utils.c ****   crop->PipeArea = DCMIPP_POSITIVE_AREA;
 358              		.loc 1 85 44 view .LVU96
 359 00ca 0131     		adds	r1, r1, #1
 360 00cc 891A     		subs	r1, r1, r2
  86:../../Middlewares/Camera_Middleware/cmw_utils.c **** }
 361              		.loc 1 86 18 view .LVU97
 362 00ce 0022     		movs	r2, #0
 363              	.LBE22:
 364              	.LBE26:
  50:../../Middlewares/Camera_Middleware/cmw_utils.c ****     ratio_height = (float)crop->VSize / p_conf->output_height;
 365              		.loc 1 50 17 view .LVU98
 366 00d0 C6EE245A 		vdiv.f32	s11, s12, s9
  51:../../Middlewares/Camera_Middleware/cmw_utils.c ****   }
 367              		.loc 1 51 18 view .LVU99
 368 00d4 86EE857A 		vdiv.f32	s14, s13, s10
 369              	.LBB27:
 370              	.LBB23:
  85:../../Middlewares/Camera_Middleware/cmw_utils.c ****   crop->PipeArea = DCMIPP_POSITIVE_AREA;
 371              		.loc 1 85 49 view .LVU100
 372 00d8 4908     		lsrs	r1, r1, #1
  85:../../Middlewares/Camera_Middleware/cmw_utils.c ****   crop->PipeArea = DCMIPP_POSITIVE_AREA;
 373              		.loc 1 85 16 view .LVU101
 374 00da 1960     		str	r1, [r3]
  86:../../Middlewares/Camera_Middleware/cmw_utils.c **** }
 375              		.loc 1 86 3 is_stmt 1 view .LVU102
  86:../../Middlewares/Camera_Middleware/cmw_utils.c **** }
 376              		.loc 1 86 18 is_stmt 0 view .LVU103
 377 00dc 1A61     		str	r2, [r3, #16]
 378              	.LVL37:
  86:../../Middlewares/Camera_Middleware/cmw_utils.c **** }
 379              		.loc 1 86 18 view .LVU104
 380              	.LBE23:
 381              	.LBE27:
  50:../../Middlewares/Camera_Middleware/cmw_utils.c ****     ratio_height = (float)crop->VSize / p_conf->output_height;
 382              		.loc 1 50 5 is_stmt 1 view .LVU105
  51:../../Middlewares/Camera_Middleware/cmw_utils.c ****   }
 383              		.loc 1 51 5 view .LVU106
 384              	.L28:
  70:../../Middlewares/Camera_Middleware/cmw_utils.c **** }
 385              		.loc 1 70 3 view .LVU107
 386              	.LBB28:
ARM GAS  C:\Users\Antonio\AppData\Local\Temp\ccFOKYir.s 			page 12


 387              	.LBB29:
 136:../../Middlewares/Camera_Middleware/cmw_utils.c **** 
 137:../../Middlewares/Camera_Middleware/cmw_utils.c **** static void CMW_UTILS_get_scale_configs(CMW_DCMIPP_Conf_t *p_conf, float ratio_width, float ratio_h
 138:../../Middlewares/Camera_Middleware/cmw_utils.c ****                                        DCMIPP_DecimationConfTypeDef *dec, DCMIPP_DownsizeTypeDef *d
 139:../../Middlewares/Camera_Middleware/cmw_utils.c **** {
 140:../../Middlewares/Camera_Middleware/cmw_utils.c ****   dec->HRatio = CMW_UTILS_get_dec_ratio_and_update(&ratio_width, 0);
 388              		.loc 1 140 17 is_stmt 0 view .LVU108
 389 00de 0021     		movs	r1, #0
 390 00e0 6846     		mov	r0, sp
 391 00e2 8DED017A 		vstr.32	s14, [sp, #4]
 392 00e6 CDED005A 		vstr.32	s11, [sp]
 393              	.LVL38:
 394              		.loc 1 140 17 view .LVU109
 395              	.LBE29:
 396              	.LBI28:
 137:../../Middlewares/Camera_Middleware/cmw_utils.c ****                                        DCMIPP_DecimationConfTypeDef *dec, DCMIPP_DownsizeTypeDef *d
 397              		.loc 1 137 13 is_stmt 1 view .LVU110
 398              	.LBB36:
 399              		.loc 1 140 3 view .LVU111
 400              		.loc 1 140 17 is_stmt 0 view .LVU112
 401 00ea FFF7FEFF 		bl	CMW_UTILS_get_dec_ratio_and_update
 402              	.LVL39:
 141:../../Middlewares/Camera_Middleware/cmw_utils.c ****   dec->VRatio = CMW_UTILS_get_dec_ratio_and_update(&ratio_height, 1);
 403              		.loc 1 141 17 view .LVU113
 404 00ee 0121     		movs	r1, #1
 140:../../Middlewares/Camera_Middleware/cmw_utils.c ****   dec->VRatio = CMW_UTILS_get_dec_ratio_and_update(&ratio_height, 1);
 405              		.loc 1 140 15 discriminator 1 view .LVU114
 406 00f0 6860     		str	r0, [r5, #4]
 407              		.loc 1 141 3 is_stmt 1 view .LVU115
 408              		.loc 1 141 17 is_stmt 0 view .LVU116
 409 00f2 01A8     		add	r0, sp, #4
 410 00f4 FFF7FEFF 		bl	CMW_UTILS_get_dec_ratio_and_update
 411              	.LVL40:
 412              	.LBB30:
 413              	.LBB31:
  99:../../Middlewares/Camera_Middleware/cmw_utils.c ****   down->VRatio = (uint32_t) (8192 * ratio_height);
 414              		.loc 1 99 35 view .LVU117
 415 00f8 9FED2C7A 		vldr.32	s14, .L38+20
 416 00fc DDED007A 		vldr.32	s15, [sp]
 417 0100 67EE877A 		vmul.f32	s15, s15, s14
  99:../../Middlewares/Camera_Middleware/cmw_utils.c ****   down->VRatio = (uint32_t) (8192 * ratio_height);
 418              		.loc 1 99 18 view .LVU118
 419 0104 FCEEE77A 		vcvt.u32.f32	s15, s15
 420              	.LBE31:
 421              	.LBE30:
 422              		.loc 1 141 15 discriminator 1 view .LVU119
 423 0108 2860     		str	r0, [r5]
 142:../../Middlewares/Camera_Middleware/cmw_utils.c ****   CMW_UTILS_get_down_config(ratio_width, ratio_height, p_conf->output_width, p_conf->output_height,
 424              		.loc 1 142 3 is_stmt 1 view .LVU120
 425              	.LBB34:
 426              	.LBB32:
  99:../../Middlewares/Camera_Middleware/cmw_utils.c ****   down->VRatio = (uint32_t) (8192 * ratio_height);
 427              		.loc 1 99 18 is_stmt 0 view .LVU121
 428 010a 17EE903A 		vmov	r3, s15	@ int
 429              	.LBE32:
 430              	.LBE34:
 431              		.loc 1 142 62 view .LVU122
ARM GAS  C:\Users\Antonio\AppData\Local\Temp\ccFOKYir.s 			page 13


 432 010e 2068     		ldr	r0, [r4]
 433              	.LVL41:
 434              	.LBB35:
 435              	.LBI30:
  97:../../Middlewares/Camera_Middleware/cmw_utils.c **** {
 436              		.loc 1 97 13 is_stmt 1 view .LVU123
 437              	.LBB33:
  99:../../Middlewares/Camera_Middleware/cmw_utils.c ****   down->VRatio = (uint32_t) (8192 * ratio_height);
 438              		.loc 1 99 3 view .LVU124
  99:../../Middlewares/Camera_Middleware/cmw_utils.c ****   down->VRatio = (uint32_t) (8192 * ratio_height);
 439              		.loc 1 99 16 is_stmt 0 view .LVU125
 440 0110 C6ED037A 		vstr.32	s15, [r6, #12]	@ int
 100:../../Middlewares/Camera_Middleware/cmw_utils.c ****   down->HDivFactor = (1024 * 8192 - 1) / down->HRatio;
 441              		.loc 1 100 3 is_stmt 1 view .LVU126
 100:../../Middlewares/Camera_Middleware/cmw_utils.c ****   down->HDivFactor = (1024 * 8192 - 1) / down->HRatio;
 442              		.loc 1 100 35 is_stmt 0 view .LVU127
 443 0114 DDED017A 		vldr.32	s15, [sp, #4]
 444 0118 67EE877A 		vmul.f32	s15, s15, s14
 100:../../Middlewares/Camera_Middleware/cmw_utils.c ****   down->HDivFactor = (1024 * 8192 - 1) / down->HRatio;
 445              		.loc 1 100 18 view .LVU128
 446 011c FCEEE77A 		vcvt.u32.f32	s15, s15
 447 0120 17EE902A 		vmov	r2, s15	@ int
 101:../../Middlewares/Camera_Middleware/cmw_utils.c ****   down->VDivFactor = (1024 * 8192 - 1) / down->VRatio;
 448              		.loc 1 101 40 view .LVU129
 449 0124 2249     		ldr	r1, .L38+24
 100:../../Middlewares/Camera_Middleware/cmw_utils.c ****   down->HDivFactor = (1024 * 8192 - 1) / down->HRatio;
 450              		.loc 1 100 16 view .LVU130
 451 0126 C6ED027A 		vstr.32	s15, [r6, #8]	@ int
 101:../../Middlewares/Camera_Middleware/cmw_utils.c ****   down->VDivFactor = (1024 * 8192 - 1) / down->VRatio;
 452              		.loc 1 101 3 is_stmt 1 view .LVU131
 101:../../Middlewares/Camera_Middleware/cmw_utils.c ****   down->VDivFactor = (1024 * 8192 - 1) / down->VRatio;
 453              		.loc 1 101 40 is_stmt 0 view .LVU132
 454 012a B1FBF3F3 		udiv	r3, r1, r3
 102:../../Middlewares/Camera_Middleware/cmw_utils.c ****   down->HSize = width;
 455              		.loc 1 102 40 view .LVU133
 456 012e B1FBF2F1 		udiv	r1, r1, r2
 104:../../Middlewares/Camera_Middleware/cmw_utils.c **** }
 457              		.loc 1 104 15 view .LVU134
 458 0132 C6E90070 		strd	r7, r0, [r6]
 101:../../Middlewares/Camera_Middleware/cmw_utils.c ****   down->VDivFactor = (1024 * 8192 - 1) / down->VRatio;
 459              		.loc 1 101 20 view .LVU135
 460 0136 7361     		str	r3, [r6, #20]
 102:../../Middlewares/Camera_Middleware/cmw_utils.c ****   down->HSize = width;
 461              		.loc 1 102 3 is_stmt 1 view .LVU136
 102:../../Middlewares/Camera_Middleware/cmw_utils.c ****   down->HSize = width;
 462              		.loc 1 102 20 is_stmt 0 view .LVU137
 463 0138 3161     		str	r1, [r6, #16]
 103:../../Middlewares/Camera_Middleware/cmw_utils.c ****   down->VSize = height;
 464              		.loc 1 103 3 is_stmt 1 view .LVU138
 465              	.LVL42:
 103:../../Middlewares/Camera_Middleware/cmw_utils.c ****   down->VSize = height;
 466              		.loc 1 103 3 is_stmt 0 view .LVU139
 467              	.LBE33:
 468              	.LBE35:
 469              	.LBE36:
 470              	.LBE28:
  71:../../Middlewares/Camera_Middleware/cmw_utils.c **** 
ARM GAS  C:\Users\Antonio\AppData\Local\Temp\ccFOKYir.s 			page 14


 471              		.loc 1 71 1 view .LVU140
 472 013a 03B0     		add	sp, sp, #12
 473              		.cfi_remember_state
 474              		.cfi_def_cfa_offset 20
 475              		@ sp needed
 476 013c F0BD     		pop	{r4, r5, r6, r7, pc}
 477              	.LVL43:
 478              	.L17:
 479              		.cfi_restore_state
  53:../../Middlewares/Camera_Middleware/cmw_utils.c ****   {
 480              		.loc 1 53 8 is_stmt 1 view .LVU141
  53:../../Middlewares/Camera_Middleware/cmw_utils.c ****   {
 481              		.loc 1 53 11 is_stmt 0 view .LVU142
 482 013e 012A     		cmp	r2, #1
 483 0140 0CD1     		bne	.L29
  55:../../Middlewares/Camera_Middleware/cmw_utils.c ****     ratio_height = (float)cam_height / p_conf->output_height;
 484              		.loc 1 55 5 is_stmt 1 view .LVU143
  55:../../Middlewares/Camera_Middleware/cmw_utils.c ****     ratio_height = (float)cam_height / p_conf->output_height;
 485              		.loc 1 55 36 is_stmt 0 view .LVU144
 486 0142 D4ED006A 		vldr.32	s13, [r4]	@ int
  55:../../Middlewares/Camera_Middleware/cmw_utils.c ****     ratio_height = (float)cam_height / p_conf->output_height;
 487              		.loc 1 55 19 view .LVU145
 488 0146 B8EE477A 		vcvt.f32.u32	s14, s14
  55:../../Middlewares/Camera_Middleware/cmw_utils.c ****     ratio_height = (float)cam_height / p_conf->output_height;
 489              		.loc 1 55 36 view .LVU146
 490 014a F8EE666A 		vcvt.f32.u32	s13, s13
  55:../../Middlewares/Camera_Middleware/cmw_utils.c ****     ratio_height = (float)cam_height / p_conf->output_height;
 491              		.loc 1 55 17 view .LVU147
 492 014e C7EE265A 		vdiv.f32	s11, s14, s13
 493              	.LVL44:
  56:../../Middlewares/Camera_Middleware/cmw_utils.c ****   }
 494              		.loc 1 56 5 is_stmt 1 view .LVU148
 495              	.L36:
  67:../../Middlewares/Camera_Middleware/cmw_utils.c ****   }
 496              		.loc 1 67 20 is_stmt 0 view .LVU149
 497 0152 F8EE677A 		vcvt.f32.u32	s15, s15
  67:../../Middlewares/Camera_Middleware/cmw_utils.c ****   }
 498              		.loc 1 67 18 view .LVU150
 499 0156 87EE857A 		vdiv.f32	s14, s15, s10
 500              	.LVL45:
  67:../../Middlewares/Camera_Middleware/cmw_utils.c ****   }
 501              		.loc 1 67 18 view .LVU151
 502 015a C0E7     		b	.L28
 503              	.LVL46:
 504              	.L29:
  58:../../Middlewares/Camera_Middleware/cmw_utils.c ****   {
 505              		.loc 1 58 8 is_stmt 1 view .LVU152
  58:../../Middlewares/Camera_Middleware/cmw_utils.c ****   {
 506              		.loc 1 58 11 is_stmt 0 view .LVU153
 507 015c 022A     		cmp	r2, #2
 508 015e 06D1     		bne	.L30
  60:../../Middlewares/Camera_Middleware/cmw_utils.c ****     ratio_width = (float) ratio_height;
 509              		.loc 1 60 5 is_stmt 1 view .LVU154
  60:../../Middlewares/Camera_Middleware/cmw_utils.c ****     ratio_width = (float) ratio_height;
 510              		.loc 1 60 20 is_stmt 0 view .LVU155
 511 0160 F8EE677A 		vcvt.f32.u32	s15, s15
  60:../../Middlewares/Camera_Middleware/cmw_utils.c ****     ratio_width = (float) ratio_height;
ARM GAS  C:\Users\Antonio\AppData\Local\Temp\ccFOKYir.s 			page 15


 512              		.loc 1 60 18 view .LVU156
 513 0164 87EE857A 		vdiv.f32	s14, s15, s10
 514              	.LVL47:
  61:../../Middlewares/Camera_Middleware/cmw_utils.c ****   }
 515              		.loc 1 61 5 is_stmt 1 view .LVU157
  61:../../Middlewares/Camera_Middleware/cmw_utils.c ****   }
 516              		.loc 1 61 17 is_stmt 0 view .LVU158
 517 0168 F0EE475A 		vmov.f32	s11, s14
 518 016c B7E7     		b	.L28
 519              	.LVL48:
 520              	.L30:
  65:../../Middlewares/Camera_Middleware/cmw_utils.c ****     ratio_width = (float)crop->HSize / p_conf->output_width;
 521              		.loc 1 65 5 is_stmt 1 view .LVU159
 522              	.LBB37:
 523              	.LBI37:
  89:../../Middlewares/Camera_Middleware/cmw_utils.c **** {
 524              		.loc 1 89 13 view .LVU160
 525              	.LBB38:
  91:../../Middlewares/Camera_Middleware/cmw_utils.c ****   crop->VSize = roi->height;
 526              		.loc 1 91 3 view .LVU161
  91:../../Middlewares/Camera_Middleware/cmw_utils.c ****   crop->VSize = roi->height;
 527              		.loc 1 91 20 is_stmt 0 view .LVU162
 528 016e E169     		ldr	r1, [r4, #28]
 529              	.LVL49:
  91:../../Middlewares/Camera_Middleware/cmw_utils.c ****   crop->VSize = roi->height;
 530              		.loc 1 91 20 view .LVU163
 531              	.LBE38:
 532              	.LBE37:
  66:../../Middlewares/Camera_Middleware/cmw_utils.c ****     ratio_height = (float)crop->VSize / p_conf->output_height;
 533              		.loc 1 66 38 view .LVU164
 534 0170 94ED007A 		vldr.32	s14, [r4]	@ int
  66:../../Middlewares/Camera_Middleware/cmw_utils.c ****     ratio_height = (float)crop->VSize / p_conf->output_height;
 535              		.loc 1 66 19 view .LVU165
 536 0174 07EE901A 		vmov	s15, r1	@ int
 537              	.LVL50:
  66:../../Middlewares/Camera_Middleware/cmw_utils.c ****     ratio_height = (float)crop->VSize / p_conf->output_height;
 538              		.loc 1 66 38 view .LVU166
 539 0178 B8EE477A 		vcvt.f32.u32	s14, s14
  66:../../Middlewares/Camera_Middleware/cmw_utils.c ****     ratio_height = (float)crop->VSize / p_conf->output_height;
 540              		.loc 1 66 19 view .LVU167
 541 017c F8EE677A 		vcvt.f32.u32	s15, s15
 542              	.LBB42:
 543              	.LBB39:
  93:../../Middlewares/Camera_Middleware/cmw_utils.c ****   crop->VStart = roi->offset_y;
 544              		.loc 1 93 16 view .LVU168
 545 0180 606A     		ldr	r0, [r4, #36]
 546              	.LVL51:
  92:../../Middlewares/Camera_Middleware/cmw_utils.c ****   crop->HStart = roi->offset_x;
 547              		.loc 1 92 20 view .LVU169
 548 0182 226A     		ldr	r2, [r4, #32]
  93:../../Middlewares/Camera_Middleware/cmw_utils.c ****   crop->VStart = roi->offset_y;
 549              		.loc 1 93 16 view .LVU170
 550 0184 5860     		str	r0, [r3, #4]
  94:../../Middlewares/Camera_Middleware/cmw_utils.c **** }
 551              		.loc 1 94 16 view .LVU171
 552 0186 A06A     		ldr	r0, [r4, #40]
 553              	.LBE39:
ARM GAS  C:\Users\Antonio\AppData\Local\Temp\ccFOKYir.s 			page 16


 554              	.LBE42:
  66:../../Middlewares/Camera_Middleware/cmw_utils.c ****     ratio_height = (float)crop->VSize / p_conf->output_height;
 555              		.loc 1 66 17 view .LVU172
 556 0188 C7EE875A 		vdiv.f32	s11, s15, s14
 557              	.LBB43:
 558              	.LBB40:
  91:../../Middlewares/Camera_Middleware/cmw_utils.c ****   crop->VSize = roi->height;
 559              		.loc 1 91 15 view .LVU173
 560 018c D960     		str	r1, [r3, #12]
  92:../../Middlewares/Camera_Middleware/cmw_utils.c ****   crop->HStart = roi->offset_x;
 561              		.loc 1 92 3 is_stmt 1 view .LVU174
 562              	.LBE40:
 563              	.LBE43:
  67:../../Middlewares/Camera_Middleware/cmw_utils.c ****   }
 564              		.loc 1 67 20 is_stmt 0 view .LVU175
 565 018e 07EE902A 		vmov	s15, r2	@ int
 566              	.LBB44:
 567              	.LBB41:
  92:../../Middlewares/Camera_Middleware/cmw_utils.c ****   crop->HStart = roi->offset_x;
 568              		.loc 1 92 15 view .LVU176
 569 0192 9A60     		str	r2, [r3, #8]
  93:../../Middlewares/Camera_Middleware/cmw_utils.c ****   crop->VStart = roi->offset_y;
 570              		.loc 1 93 3 is_stmt 1 view .LVU177
  94:../../Middlewares/Camera_Middleware/cmw_utils.c **** }
 571              		.loc 1 94 3 view .LVU178
  94:../../Middlewares/Camera_Middleware/cmw_utils.c **** }
 572              		.loc 1 94 16 is_stmt 0 view .LVU179
 573 0194 1860     		str	r0, [r3]
 574              	.LVL52:
  94:../../Middlewares/Camera_Middleware/cmw_utils.c **** }
 575              		.loc 1 94 16 view .LVU180
 576              	.LBE41:
 577              	.LBE44:
  66:../../Middlewares/Camera_Middleware/cmw_utils.c ****     ratio_height = (float)crop->VSize / p_conf->output_height;
 578              		.loc 1 66 5 is_stmt 1 view .LVU181
  67:../../Middlewares/Camera_Middleware/cmw_utils.c ****   }
 579              		.loc 1 67 5 view .LVU182
 580 0196 DCE7     		b	.L36
 581              	.L39:
 582              		.align	2
 583              	.L38:
 584 0198 00000000 		.word	.LC2
 585 019c 00000000 		.word	__func__.1
 586 01a0 02000000 		.word	.LC1
 587 01a4 00008042 		.word	1115684864
 588 01a8 0B000000 		.word	.LC3
 589 01ac 00000046 		.word	1174405120
 590 01b0 FFFF7F00 		.word	8388607
 591              		.cfi_endproc
 592              	.LFE838:
 594              		.section	.rodata.__func__.0,"a"
 597              	__func__.0:
 598 0000 434D575F 		.ascii	"CMW_UTILS_get_dec_ratio_from_decimal_ratio\000"
 598      5554494C 
 598      535F6765 
 598      745F6465 
 598      635F7261 
ARM GAS  C:\Users\Antonio\AppData\Local\Temp\ccFOKYir.s 			page 17


 599              		.section	.rodata.__func__.1,"a"
 602              	__func__.1:
 603 0000 434D575F 		.ascii	"CMW_UTILS_get_crop_config\000"
 603      5554494C 
 603      535F6765 
 603      745F6372 
 603      6F705F63 
 604              		.text
 605              	.Letext0:
 606              		.file 2 "C:\\ST\\STM32CubeIDE_1.19.0\\STM32CubeIDE\\plugins\\com.st.stm32cube.ide.mcu.externaltool
 607              		.file 3 "C:\\ST\\STM32CubeIDE_1.19.0\\STM32CubeIDE\\plugins\\com.st.stm32cube.ide.mcu.externaltool
 608              		.file 4 "../../STM32Cube_FW_N6/Drivers/STM32N6xx_HAL_Driver/Inc/stm32n6xx_hal_dcmipp.h"
 609              		.file 5 "../../Middlewares/Camera_Middleware/cmw_camera.h"
 610              		.file 6 "C:\\ST\\STM32CubeIDE_1.19.0\\STM32CubeIDE\\plugins\\com.st.stm32cube.ide.mcu.externaltool
ARM GAS  C:\Users\Antonio\AppData\Local\Temp\ccFOKYir.s 			page 18


DEFINED SYMBOLS
                            *ABS*:00000000 cmw_utils.c
C:\Users\Antonio\AppData\Local\Temp\ccFOKYir.s:31     .text.CMW_UTILS_get_dec_ratio_and_update:00000000 $t
C:\Users\Antonio\AppData\Local\Temp\ccFOKYir.s:36     .text.CMW_UTILS_get_dec_ratio_and_update:00000000 CMW_UTILS_get_dec_ratio_and_update
C:\Users\Antonio\AppData\Local\Temp\ccFOKYir.s:79     .text.CMW_UTILS_get_dec_ratio_and_update:00000024 $d
C:\Users\Antonio\AppData\Local\Temp\ccFOKYir.s:88     .text.CMW_UTILS_get_dec_ratio_and_update:0000002c $t
C:\Users\Antonio\AppData\Local\Temp\ccFOKYir.s:169    .text.CMW_UTILS_get_dec_ratio_and_update:00000068 $d
C:\Users\Antonio\AppData\Local\Temp\ccFOKYir.s:597    .rodata.__func__.0:00000000 __func__.0
C:\Users\Antonio\AppData\Local\Temp\ccFOKYir.s:183    .text.CMW_UTILS_GetPipeConfig:00000000 $t
C:\Users\Antonio\AppData\Local\Temp\ccFOKYir.s:189    .text.CMW_UTILS_GetPipeConfig:00000000 CMW_UTILS_GetPipeConfig
C:\Users\Antonio\AppData\Local\Temp\ccFOKYir.s:584    .text.CMW_UTILS_GetPipeConfig:00000198 $d
C:\Users\Antonio\AppData\Local\Temp\ccFOKYir.s:602    .rodata.__func__.1:00000000 __func__.1
                           .group:00000000 wm4.0.edffc6ad2f5eb1e671bbefdf8c481eb3
                           .group:00000000 wm4.stddef.h.39.0dc9006b34572d4d9cae4c8b422c4971
                           .group:00000000 wm4.arm_cmse.h.103.a0d15a79c4c9a67da8d5831704d7248e
                           .group:00000000 wm4.stm32n6xx.h.34.80585dd08aa426c932f6311fdb7386da
                           .group:00000000 wm4.stm32n657xx.h.26.acd272cb67318cc1a4791ce2f0720ca6
                           .group:00000000 wm4._newlib_version.h.4.411db44ea2338a62eca2f0777f81481b
                           .group:00000000 wm4.features.h.33.e0c9f337c65cb9f22ed5f23d082bc78b
                           .group:00000000 wm4._default_types.h.15.247e5cd201eca3442cbf5404108c4935
                           .group:00000000 wm4._intsup.h.10.48bafbb683905c4daa4565a85aeeb264
                           .group:00000000 wm4._stdint.h.10.c24fa3af3bc1706662bb5593a907e841
                           .group:00000000 wm4.stdint.h.23.d53047a68f4a85177f80b422d52785ed
                           .group:00000000 wm4.cmsis_version.h.32.0ac195c83bb4537824e6ad1c47474b79
                           .group:00000000 wm4.core_cm55.h.68.832d5cf835639cc0d28219c3d2867330
                           .group:00000000 wm4.cmsis_gcc.h.26.7a5fd1a99dbedde687044a4433ab3e15
                           .group:00000000 wm4.core_cm55.h.196.52e437a270752da561676e507b35baeb
                           .group:00000000 wm4.mpu_armv8.h.32.9d72426c8e2b47753456dcb84802c5b3
                           .group:00000000 wm4.pmu_armv8.h.32.eaa95f88a71b29390b135fd81c071b6b
                           .group:00000000 wm4.core_cm55.h.4411.860dad8650880893dd57b815844f7186
                           .group:00000000 wm4.cachel1_armv7.h.32.abd77761a989e008b0c60891114a33c7
                           .group:00000000 wm4.stm32n657xx.h.575.1c2a5e6bedffc6f9083dcc857bc6d09d
                           .group:00000000 wm4.stm32n6xx.h.114.5cf793d8af485e14f110e3e24bde1aa5
                           .group:00000000 wm4.stm32_hal_legacy.h.22.87fb12bf5a1a1e00fc134f22bc9aa8c4
                           .group:00000000 wm4.newlib.h.7.a37ffbe9e5aff74303f4e60b1cc1c01b
                           .group:00000000 wm4.ieeefp.h.77.bd5feb87d9990dd328793ced294f6a87
                           .group:00000000 wm4.config.h.224.10ee1ad185d877c6e334e6581faab44d
                           .group:00000000 wm4._ansi.h.31.de524f58584151836e90d8620a16f8e8
                           .group:00000000 wm4.cdefs.h.49.70fc7af612f78ddcace70fdd90b5623b
                           .group:00000000 wm4._types.h.20.dd0d04dca3800a0d2a6129b87f3adbb2
                           .group:00000000 wm4.stddef.h.158.6f8e08a347b1cff664332fa350bfceb3
                           .group:00000000 wm4._types.h.127.3bdfe3ff8ea2d0985b03d9cbe93480e3
                           .group:00000000 wm4.reent.h.18.25503cdc8b7e55dd0d6ea7b3e5af7a03
                           .group:00000000 wm4.lock.h.2.1461d1fff82dffe8bfddc23307f6484f
                           .group:00000000 wm4.reent.h.78.6b87466b04591b1f1cb88c14fdf2ba9e
                           .group:00000000 wm4.math.h.13.47cfc34cae8a1153323939c4d32cf7c2
                           .group:00000000 wm4.stm32n6xx_hal_def.h.63.3a8f01490e8852464e9fcb69092e9c75
                           .group:00000000 wm4.stm32n6xx_hal_dcmipp.h.46.35cbff7c7bb0514b77e6f12fe853ec1a
                           .group:00000000 wm4.cmw_errno.h.21.91021ac9b2627a1ce6b8517d105715d1
                           .group:00000000 wm4.stm32n6xx_hal_conf.h.21.e6f895f5dec93fd886896ef3aa220611
                           .group:00000000 wm4.stm32n6xx_ll_bus.h.38.2366a295ee4cdb04833997d3787fcd2d
                           .group:00000000 wm4.stm32n6xx_ll_rcc.h.21.002e22a16fd7f67dde6dce41e8ba9620
                           .group:00000000 wm4.stm32n6xx_hal_rcc.h.194.1cb1283e40f9bebcd3fba2a9a961838e
                           .group:00000000 wm4.stm32n6xx_hal_rcc_ex.h.21.79aa32178dfef625fbd20d362449acfa
                           .group:00000000 wm4.stm32n6xx_hal_rcc.h.4359.3f0b7ad33826d95438602c9aebc08af9
                           .group:00000000 wm4.stm32n6xx_hal_gpio.h.21.89d54af663b98eb8fc098192053f7eeb
                           .group:00000000 wm4.stm32n6xx_hal_gpio_ex.h.22.4acb2e3511a98bb48b81cfc8e09fd59e
ARM GAS  C:\Users\Antonio\AppData\Local\Temp\ccFOKYir.s 			page 19


                           .group:00000000 wm4.stm32n6xx_hal_rif.h.21.424d0bafb874a777dee3742a22e13037
                           .group:00000000 wm4.stm32n6xx_hal_dma.h.21.61e48c5c2e8d25d22177834b232fe45c
                           .group:00000000 wm4.stm32n6xx_hal_dma_ex.h.21.66e597beb090a165329d6ccf665e41bc
                           .group:00000000 wm4.stm32n6xx_hal_dma.h.1020.87e2180c009560b617c1f8208140c950
                           .group:00000000 wm4.stm32n6xx_hal_cortex.h.21.f493623cc58f9454ab4eae41e395c5cc
                           .group:00000000 wm4.stm32n6xx_hal_bsec.h.21.61b309e67dd810e28897a01b1b21a97f
                           .group:00000000 wm4.stm32n6xx_hal_dma2d.h.21.75c8d46cdbb72970123b3f34ae2043d7
                           .group:00000000 wm4.stm32n6xx_hal_exti.h.21.fda87e715ea6b98239ec30171d1df594
                           .group:00000000 wm4.stm32n6xx_hal_i2c.h.21.3f483626ff64c5bf027265bb2e1d1331
                           .group:00000000 wm4.stm32n6xx_hal_i2c_ex.h.21.79e9196c22282cdaf6b4047893638c45
                           .group:00000000 wm4.stm32n6xx_hal_i2c.h.741.1084702632703acc669e4282b3043372
                           .group:00000000 wm4.stm32n6xx_hal_ltdc.h.21.ae1eb09930e7e550e48e418ac5849e4d
                           .group:00000000 wm4.stm32n6xx_hal_ltdc.h.1002.b13ede7fc94ed5ad1c6768a157d2149a
                           .group:00000000 wm4.stm32n6xx_hal_pwr.h.21.cdb73e4869c3fed3fc84f901ec0e5f0a
                           .group:00000000 wm4.stm32n6xx_hal_pwr_ex.h.21.1a673224a58b0c1e5fad8eeda6514208
                           .group:00000000 wm4.stm32n6xx_hal_ramcfg.h.21.a62dfbb4d2c14e9a8c634a215e37bd3d
                           .group:00000000 wm4.stm32n6xx_hal_uart.h.21.230f549bfa0d5ebfd77bfb311b2aca15
                           .group:00000000 wm4.stm32n6xx_hal_uart_ex.h.21.a0d5511e1d0703b7b5278c8f5472b96d
                           .group:00000000 wm4.stm32n6xx_hal_xspi.h.21.e17898be2073b6b6b19faf30b4e304e9
                           .group:00000000 wm4.stm32n6xx_hal_cacheaxi.h.21.7c3375b7903ec42376e4883320997f74
                           .group:00000000 wm4.stm32n6xx_hal.h.81.5e59143eba07faca3e9aeaa5470826c8
                           .group:00000000 wm4.stm32n6570_discovery_conf.h.21.f52c8202689527a3dc0d9c6cba9c0416
                           .group:00000000 wm4.stm32n6570_discovery_errno.h.22.80e523b09444a11ebe4b6e24ae914f0e
                           .group:00000000 wm4.stm32n6570_discovery_bus.h.62.3b5b2c6837f7adeb489604fa214cd371
                           .group:00000000 wm4.cmw_camera_conf.h.44.f5b7142add155602b098cc3d0e29cc86
                           .group:00000000 wm4.isp_conf.h.21.f38432dbfef47e2ce2a64e60ef6a2d79
                           .group:00000000 wm4.stdio.h.27.3fc80220048df77954e38daec3bb9670
                           .group:00000000 wm4.stddef.h.158.eec8bf00b5213f43d095cb984c5f22e3
                           .group:00000000 wm4.stdarg.h.34.3a23a216c0c293b3d2ea2e89281481e6
                           .group:00000000 wm4.stdio.h.47.dc31ec4674d7bcb103c9f08809549f45
                           .group:00000000 wm4.stdio.h.2.4aa87247282eca6c8f36f9de33d8df1a
                           .group:00000000 wm4.stdio.h.87.a1e20d2651f9bfb66e51bfbe849db00a
                           .group:00000000 wm4.stdlib.h.13.4ed386f5c1a80d71e72172885d946ef2
                           .group:00000000 wm4.alloca.h.8.dfc0c703c47ec3e69746825b17d9e66d
                           .group:00000000 wm4.stdlib.h.56.f4862cfbf4363a1db01842d5bdf72c18
                           .group:00000000 wm4.string.h.8.c4b8571ce60dff2817f43fec8b86aecd
                           .group:00000000 wm4.string.h.177.59a005921fa78485abc80a0267de5752
                           .group:00000000 wm4.stdbool.h.29.c08aa3eec75cf5b9b5003883f43253f0
                           .group:00000000 wm4.isp_core.h.109.be5387f515355b6edcb70af2607f9a68
                           .group:00000000 wm4.cmw_camera.h.33.b34cbb506ffb5bbc0bae0cee9fc48966
                           .group:00000000 wm4.assert.h.11.db24e541f16414db224bf986d21017e2

UNDEFINED SYMBOLS
__assert_func
