ARM GAS  C:\Users\Antonio\AppData\Local\Temp\ccEqA77n.s 			page 1


   1              		.arch armv8.1-m.main
   2              		.fpu fpv5-d16
   3              		.arch_extension dsp
   4              		.arch_extension fp
   5              		.arch_extension fp.dp
   6              		.arch_extension mve
   7              		.arch_extension mve.fp
   8              		.eabi_attribute 5, "cortex-m55"
   9              		.eabi_attribute 28, 1
  10              		.eabi_attribute 20, 1
  11              		.eabi_attribute 21, 1
  12              		.eabi_attribute 23, 3
  13              		.eabi_attribute 24, 1
  14              		.eabi_attribute 25, 1
  15              		.eabi_attribute 26, 1
  16              		.eabi_attribute 30, 4
  17              		.eabi_attribute 34, 1
  18              		.eabi_attribute 38, 1
  19              		.eabi_attribute 18, 4
  20              		.file	"display_spe.c"
  21              		.text
  22              	.Ltext0:
  23              		.cfi_sections	.debug_frame
  24              		.file 1 "Src/display_spe.c"
  25              		.section	.text.Display_spe_InitFunctions,"ax",%progbits
  26              		.align	1
  27              		.global	Display_spe_InitFunctions
  28              		.syntax unified
  29              		.thumb
  30              		.thumb_func
  32              	Display_spe_InitFunctions:
  33              	.LVL0:
  34              	.LFB3341:
   1:Src/display_spe.c ****  /**
   2:Src/display_spe.c ****  ******************************************************************************
   3:Src/display_spe.c ****  * @file    display_spe.c
   4:Src/display_spe.c ****  * @author  GPM Application Team
   5:Src/display_spe.c ****  *
   6:Src/display_spe.c ****  ******************************************************************************
   7:Src/display_spe.c ****  * @attention
   8:Src/display_spe.c ****  *
   9:Src/display_spe.c ****  * Copyright (c) 2024 STMicroelectronics.
  10:Src/display_spe.c ****  * All rights reserved.
  11:Src/display_spe.c ****  *
  12:Src/display_spe.c ****  * This software is licensed under terms that can be found in the LICENSE file
  13:Src/display_spe.c ****  * in the root directory of this software component.
  14:Src/display_spe.c ****  * If no LICENSE file comes with this software, it is provided AS-IS.
  15:Src/display_spe.c ****  *
  16:Src/display_spe.c ****  ******************************************************************************
  17:Src/display_spe.c ****  */
  18:Src/display_spe.c **** 
  19:Src/display_spe.c **** #include "display_spe.h"
  20:Src/display_spe.c **** #include "app_config.h"
  21:Src/display_spe.c **** #include "main.h"
  22:Src/display_spe.c **** #if POSTPROCESS_TYPE == POSTPROCESS_SPE_MOVENET_UF
  23:Src/display_spe.c ****   #if AI_POSE_PP_POSE_KEYPOINTS_NB == 17
  24:Src/display_spe.c ****     #include "display_keypoints_17.h"
ARM GAS  C:\Users\Antonio\AppData\Local\Temp\ccEqA77n.s 			page 2


  25:Src/display_spe.c ****   #elif AI_POSE_PP_POSE_KEYPOINTS_NB == 13
  26:Src/display_spe.c ****     #include "display_keypoints_13.h"
  27:Src/display_spe.c ****   #else
  28:Src/display_spe.c ****     #error "Unsupported number of keypoints"
  29:Src/display_spe.c ****   #endif
  30:Src/display_spe.c **** #endif
  31:Src/display_spe.c **** #include "utils.h"
  32:Src/display_spe.c **** #include <assert.h>
  33:Src/display_spe.c **** #include <stdlib.h>
  34:Src/display_spe.c **** #include <stdint.h>
  35:Src/display_spe.c **** 
  36:Src/display_spe.c **** static int (*clamp_point)(int *x, int *y);
  37:Src/display_spe.c **** static void (*convert_length)(float32_t wi, float32_t hi, int *wo, int *ho);
  38:Src/display_spe.c **** static void (*convert_point)(float32_t xi, float32_t yi, int *xo, int *yo);
  39:Src/display_spe.c **** static void (*Display_binding_line)(int x0, int y0, int x1, int y1, uint32_t color);
  40:Src/display_spe.c **** 
  41:Src/display_spe.c **** static void Display_keypoint(spe_pp_outBuffer_t *key, uint32_t color)
  42:Src/display_spe.c **** {
  43:Src/display_spe.c ****   int is_clamp;
  44:Src/display_spe.c ****   int xc, yc;
  45:Src/display_spe.c ****   int x, y;
  46:Src/display_spe.c **** 
  47:Src/display_spe.c ****   if (key->proba < AI_POSE_PP_CONF_THRESHOLD)
  48:Src/display_spe.c ****     return ;
  49:Src/display_spe.c **** 
  50:Src/display_spe.c ****   convert_point(key->x_center, key->y_center, &x, &y);
  51:Src/display_spe.c ****   xc = x - CIRCLE_RADIUS / 2;
  52:Src/display_spe.c ****   yc = y - CIRCLE_RADIUS / 2;
  53:Src/display_spe.c ****   is_clamp = clamp_point(&xc, &yc);
  54:Src/display_spe.c ****   xc = x + CIRCLE_RADIUS / 2;
  55:Src/display_spe.c ****   yc = y + CIRCLE_RADIUS / 2;
  56:Src/display_spe.c ****   is_clamp |= clamp_point(&xc, &yc);
  57:Src/display_spe.c **** 
  58:Src/display_spe.c ****   if (is_clamp)
  59:Src/display_spe.c ****     return ;
  60:Src/display_spe.c **** 
  61:Src/display_spe.c ****   UTIL_LCD_FillCircle(x, y, CIRCLE_RADIUS, color);
  62:Src/display_spe.c **** }
  63:Src/display_spe.c **** 
  64:Src/display_spe.c **** static void Display_binding(spe_pp_outBuffer_t *from, spe_pp_outBuffer_t *to, uint32_t color)
  65:Src/display_spe.c **** {
  66:Src/display_spe.c ****   int is_clamp;
  67:Src/display_spe.c ****   int x0, y0;
  68:Src/display_spe.c ****   int x1, y1;
  69:Src/display_spe.c ****   int i;
  70:Src/display_spe.c **** 
  71:Src/display_spe.c ****   assert(BINDING_WIDTH % 2 == 1);
  72:Src/display_spe.c **** 
  73:Src/display_spe.c ****   if (from->proba < AI_POSE_PP_CONF_THRESHOLD)
  74:Src/display_spe.c ****     return ;
  75:Src/display_spe.c ****   if (to->proba < AI_POSE_PP_CONF_THRESHOLD)
  76:Src/display_spe.c ****     return ;
  77:Src/display_spe.c **** 
  78:Src/display_spe.c ****   convert_point(from->x_center, from->y_center, &x0, &y0);
  79:Src/display_spe.c ****   is_clamp = clamp_point(&x0, &y0);
  80:Src/display_spe.c ****   if (is_clamp)
  81:Src/display_spe.c ****     return ;
ARM GAS  C:\Users\Antonio\AppData\Local\Temp\ccEqA77n.s 			page 3


  82:Src/display_spe.c **** 
  83:Src/display_spe.c ****   convert_point(to->x_center, to->y_center, &x1, &y1);
  84:Src/display_spe.c ****   is_clamp = clamp_point(&x1, &y1);
  85:Src/display_spe.c ****   if (is_clamp)
  86:Src/display_spe.c ****     return ;
  87:Src/display_spe.c **** 
  88:Src/display_spe.c ****   UTIL_LCD_DrawLine(x0, y0, x1, y1, color);
  89:Src/display_spe.c ****   for (i = 1; i <= (BINDING_WIDTH - 1) / 2; i++) {
  90:Src/display_spe.c ****     if (abs(y1 - y0) > abs(x1 - x0)) {
  91:Src/display_spe.c ****       Display_binding_line(x0 + i, y0, x1 + i , y1, color);
  92:Src/display_spe.c ****       Display_binding_line(x0 - i, y0, x1 - i , y1, color);
  93:Src/display_spe.c ****     } else {
  94:Src/display_spe.c ****       Display_binding_line(x0, y0 + i, x1 , y1 + i, color);
  95:Src/display_spe.c ****       Display_binding_line(x0, y0 - i, x1 , y1 - i, color);
  96:Src/display_spe.c ****     }
  97:Src/display_spe.c ****   }
  98:Src/display_spe.c **** }
  99:Src/display_spe.c **** 
 100:Src/display_spe.c **** void Display_spe_InitFunctions(int clamp_point_init(int *x, int *y),
 101:Src/display_spe.c ****                                void convert_length_init(float32_t wi, float32_t hi, int *wo, int *h
 102:Src/display_spe.c ****                                void convert_point_init(float32_t xi, float32_t yi, int *xo, int *yo
 103:Src/display_spe.c ****                                void Display_binding_line_init(int x0, int y0, int x1, int y1, uint3
 104:Src/display_spe.c **** {
  35              		.loc 1 104 1 view -0
  36              		.cfi_startproc
  37              		@ args = 0, pretend = 0, frame = 0
  38              		@ frame_needed = 0, uses_anonymous_args = 0
  39              		@ link register save eliminated.
 105:Src/display_spe.c ****   clamp_point = clamp_point_init;
  40              		.loc 1 105 3 view .LVU1
  41              		.loc 1 105 15 is_stmt 0 view .LVU2
  42 0000 0349     		ldr	r1, .L2
  43              	.LVL1:
  44              		.loc 1 105 15 view .LVU3
  45 0002 0860     		str	r0, [r1]
 106:Src/display_spe.c ****   convert_length = convert_length_init;
  46              		.loc 1 106 3 is_stmt 1 view .LVU4
 107:Src/display_spe.c ****   convert_point = convert_point_init;
  47              		.loc 1 107 3 view .LVU5
  48              		.loc 1 107 17 is_stmt 0 view .LVU6
  49 0004 0349     		ldr	r1, .L2+4
  50 0006 0A60     		str	r2, [r1]
 108:Src/display_spe.c ****   Display_binding_line = Display_binding_line_init;
  51              		.loc 1 108 3 is_stmt 1 view .LVU7
  52              		.loc 1 108 24 is_stmt 0 view .LVU8
  53 0008 034A     		ldr	r2, .L2+8
  54              	.LVL2:
  55              		.loc 1 108 24 view .LVU9
  56 000a 1360     		str	r3, [r2]
 109:Src/display_spe.c **** }
  57              		.loc 1 109 1 view .LVU10
  58 000c 7047     		bx	lr
  59              	.L3:
  60 000e 00BF     		.align	2
  61              	.L2:
  62 0010 00000000 		.word	clamp_point
  63 0014 00000000 		.word	convert_point
ARM GAS  C:\Users\Antonio\AppData\Local\Temp\ccEqA77n.s 			page 4


  64 0018 00000000 		.word	Display_binding_line
  65              		.cfi_endproc
  66              	.LFE3341:
  68              		.section	.text.Display_spe_Detection,"ax",%progbits
  69              		.align	1
  70              		.global	Display_spe_Detection
  71              		.syntax unified
  72              		.thumb
  73              		.thumb_func
  75              	Display_spe_Detection:
  76              	.LVL3:
  77              	.LFB3342:
 110:Src/display_spe.c **** 
 111:Src/display_spe.c **** void Display_spe_Detection(spe_pp_outBuffer_t *detect)
 112:Src/display_spe.c **** {
  78              		.loc 1 112 1 is_stmt 1 view -0
  79              		.cfi_startproc
  80              		@ args = 0, pretend = 0, frame = 16
  81              		@ frame_needed = 0, uses_anonymous_args = 0
 113:Src/display_spe.c ****   int i;
  82              		.loc 1 113 3 view .LVU12
 114:Src/display_spe.c **** 
 115:Src/display_spe.c ****   for (i = 0; i < ARRAY_NB(bindings); i++)
  83              		.loc 1 115 3 view .LVU13
  84              		.loc 1 115 17 discriminator 1 view .LVU14
 112:Src/display_spe.c ****   int i;
  85              		.loc 1 112 1 is_stmt 0 view .LVU15
  86 0000 2DE9F04F 		push	{r4, r5, r6, r7, r8, r9, r10, fp, lr}
  87              		.cfi_def_cfa_offset 36
  88              		.cfi_offset 4, -36
  89              		.cfi_offset 5, -32
  90              		.cfi_offset 6, -28
  91              		.cfi_offset 7, -24
  92              		.cfi_offset 8, -20
  93              		.cfi_offset 9, -16
  94              		.cfi_offset 10, -12
  95              		.cfi_offset 11, -8
  96              		.cfi_offset 14, -4
  97 0004 2DED028B 		vpush.64	{d8}
  98              		.cfi_def_cfa_offset 44
  99              		.cfi_offset 80, -44
 100              		.cfi_offset 81, -40
 101 0008 8346     		mov	fp, r0
 102              		.loc 1 115 10 view .LVU16
 103 000a 4FF00008 		mov	r8, #0
 104              	.LBB6:
 105              	.LBB7:
  73:Src/display_spe.c ****     return ;
 106              		.loc 1 73 6 view .LVU17
 107 000e B6EE008A 		vmov.f32	s16, #5.0e-1
 108 0012 594D     		ldr	r5, .L16
  78:Src/display_spe.c ****   is_clamp = clamp_point(&x0, &y0);
 109              		.loc 1 78 3 view .LVU18
 110 0014 DFF87091 		ldr	r9, .L16+16
 111              	.LBE7:
 112              	.LBE6:
 112:Src/display_spe.c ****   int i;
ARM GAS  C:\Users\Antonio\AppData\Local\Temp\ccEqA77n.s 			page 5


 113              		.loc 1 112 1 view .LVU19
 114 0018 87B0     		sub	sp, sp, #28
 115              		.cfi_def_cfa_offset 72
 116              	.LVL4:
 117              	.L8:
 116:Src/display_spe.c ****     Display_binding(&detect[bindings[i][0]], &detect[bindings[i][1]], bindings[i][2]);
 118              		.loc 1 116 5 is_stmt 1 view .LVU20
 119              		.loc 1 116 28 is_stmt 0 view .LVU21
 120 001a 0C23     		movs	r3, #12
 121              		.loc 1 116 82 view .LVU22
 122 001c D5E90176 		ldrd	r7, r6, [r5, #4]
 123              		.loc 1 116 28 view .LVU23
 124 0020 2A68     		ldr	r2, [r5]
 125              		.loc 1 116 5 view .LVU24
 126 0022 03FB02B2 		mla	r2, r3, r2, fp
 127              	.LVL5:
 128              	.LBB11:
 129              	.LBI6:
  64:Src/display_spe.c **** {
 130              		.loc 1 64 13 is_stmt 1 view .LVU25
 131              	.LBB8:
  66:Src/display_spe.c ****   int x0, y0;
 132              		.loc 1 66 3 view .LVU26
  67:Src/display_spe.c ****   int x1, y1;
 133              		.loc 1 67 3 view .LVU27
  68:Src/display_spe.c ****   int i;
 134              		.loc 1 68 3 view .LVU28
  69:Src/display_spe.c **** 
 135              		.loc 1 69 3 view .LVU29
  71:Src/display_spe.c **** 
 136              		.loc 1 71 3 view .LVU30
  73:Src/display_spe.c ****     return ;
 137              		.loc 1 73 3 view .LVU31
  73:Src/display_spe.c ****     return ;
 138              		.loc 1 73 6 is_stmt 0 view .LVU32
 139 0026 D2ED027A 		vldr.32	s15, [r2, #8]
 140 002a F4EEC87A 		vcmpe.f32	s15, s16
 141 002e F1EE10FA 		vmrs	APSR_nzcv, FPSCR
 142 0032 4ED4     		bmi	.L7
 143              	.LBE8:
 144              	.LBE11:
 145              		.loc 1 116 5 view .LVU33
 146 0034 03FB07B7 		mla	r7, r3, r7, fp
 147              	.LBB12:
 148              	.LBB9:
  75:Src/display_spe.c ****     return ;
 149              		.loc 1 75 3 is_stmt 1 view .LVU34
  75:Src/display_spe.c ****     return ;
 150              		.loc 1 75 6 is_stmt 0 view .LVU35
 151 0038 D7ED027A 		vldr.32	s15, [r7, #8]
 152 003c F4EEC87A 		vcmpe.f32	s15, s16
 153 0040 F1EE10FA 		vmrs	APSR_nzcv, FPSCR
 154 0044 45D4     		bmi	.L7
  78:Src/display_spe.c ****   is_clamp = clamp_point(&x0, &y0);
 155              		.loc 1 78 3 is_stmt 1 view .LVU36
  79:Src/display_spe.c ****   if (is_clamp)
 156              		.loc 1 79 14 is_stmt 0 view .LVU37
ARM GAS  C:\Users\Antonio\AppData\Local\Temp\ccEqA77n.s 			page 6


 157 0046 DFF83CA1 		ldr	r10, .L16+12
  78:Src/display_spe.c ****   is_clamp = clamp_point(&x0, &y0);
 158              		.loc 1 78 3 view .LVU38
 159 004a D9F80030 		ldr	r3, [r9]
 160 004e 03A9     		add	r1, sp, #12
 161 0050 02A8     		add	r0, sp, #8
 162 0052 D2ED010A 		vldr.32	s1, [r2, #4]
 163 0056 92ED000A 		vldr.32	s0, [r2]
 164 005a 9847     		blx	r3
 165              	.LVL6:
  79:Src/display_spe.c ****   if (is_clamp)
 166              		.loc 1 79 3 is_stmt 1 view .LVU39
  79:Src/display_spe.c ****   if (is_clamp)
 167              		.loc 1 79 14 is_stmt 0 view .LVU40
 168 005c DAF80030 		ldr	r3, [r10]
 169 0060 03A9     		add	r1, sp, #12
 170 0062 02A8     		add	r0, sp, #8
 171 0064 9847     		blx	r3
 172              	.LVL7:
  80:Src/display_spe.c ****     return ;
 173              		.loc 1 80 3 is_stmt 1 view .LVU41
  80:Src/display_spe.c ****     return ;
 174              		.loc 1 80 6 is_stmt 0 view .LVU42
 175 0066 0028     		cmp	r0, #0
 176 0068 33D1     		bne	.L7
  83:Src/display_spe.c ****   is_clamp = clamp_point(&x1, &y1);
 177              		.loc 1 83 3 is_stmt 1 view .LVU43
 178 006a D9F80030 		ldr	r3, [r9]
 179 006e 05A9     		add	r1, sp, #20
 180 0070 04A8     		add	r0, sp, #16
 181              	.LVL8:
  83:Src/display_spe.c ****   is_clamp = clamp_point(&x1, &y1);
 182              		.loc 1 83 3 is_stmt 0 view .LVU44
 183 0072 D7ED010A 		vldr.32	s1, [r7, #4]
 184 0076 97ED000A 		vldr.32	s0, [r7]
 185 007a 9847     		blx	r3
 186              	.LVL9:
  84:Src/display_spe.c ****   if (is_clamp)
 187              		.loc 1 84 3 is_stmt 1 view .LVU45
  84:Src/display_spe.c ****   if (is_clamp)
 188              		.loc 1 84 14 is_stmt 0 view .LVU46
 189 007c DAF80030 		ldr	r3, [r10]
 190 0080 05A9     		add	r1, sp, #20
 191 0082 04A8     		add	r0, sp, #16
 192 0084 9847     		blx	r3
 193              	.LVL10:
  85:Src/display_spe.c ****     return ;
 194              		.loc 1 85 3 is_stmt 1 view .LVU47
  85:Src/display_spe.c ****     return ;
 195              		.loc 1 85 6 is_stmt 0 view .LVU48
 196 0086 20BB     		cbnz	r0, .L7
  88:Src/display_spe.c ****   for (i = 1; i <= (BINDING_WIDTH - 1) / 2; i++) {
 197              		.loc 1 88 3 is_stmt 1 view .LVU49
 198 0088 DDE90201 		ldrd	r0, r1, [sp, #8]
 199              	.LVL11:
  88:Src/display_spe.c ****   for (i = 1; i <= (BINDING_WIDTH - 1) / 2; i++) {
 200              		.loc 1 88 3 is_stmt 0 view .LVU50
ARM GAS  C:\Users\Antonio\AppData\Local\Temp\ccEqA77n.s 			page 7


 201 008c DDE90423 		ldrd	r2, r3, [sp, #16]
 202 0090 0096     		str	r6, [sp]
 203 0092 FFF7FEFF 		bl	UTIL_LCD_DrawLine
 204              	.LVL12:
  89:Src/display_spe.c ****     if (abs(y1 - y0) > abs(x1 - x0)) {
 205              		.loc 1 89 3 is_stmt 1 view .LVU51
  89:Src/display_spe.c ****     if (abs(y1 - y0) > abs(x1 - x0)) {
 206              		.loc 1 89 17 discriminator 1 view .LVU52
  90:Src/display_spe.c ****       Display_binding_line(x0 + i, y0, x1 + i , y1, color);
 207              		.loc 1 90 5 view .LVU53
  90:Src/display_spe.c ****       Display_binding_line(x0 + i, y0, x1 + i , y1, color);
 208              		.loc 1 90 31 is_stmt 0 view .LVU54
 209 0096 02A8     		add	r0, sp, #8
 210 0098 0FC8     		ldm	r0, {r0, r1, r2, r3}
  90:Src/display_spe.c ****       Display_binding_line(x0 + i, y0, x1 + i , y1, color);
 211              		.loc 1 90 16 view .LVU55
 212 009a A3EB010C 		sub	ip, r3, r1
  90:Src/display_spe.c ****       Display_binding_line(x0 + i, y0, x1 + i , y1, color);
 213              		.loc 1 90 31 view .LVU56
 214 009e 171A     		subs	r7, r2, r0
  90:Src/display_spe.c ****       Display_binding_line(x0 + i, y0, x1 + i , y1, color);
 215              		.loc 1 90 9 view .LVU57
 216 00a0 BCF1000F 		cmp	ip, #0
 217 00a4 B8BF     		it	lt
 218 00a6 CCF1000C 		rsblt	ip, ip, #0
  90:Src/display_spe.c ****       Display_binding_line(x0 + i, y0, x1 + i , y1, color);
 219              		.loc 1 90 24 view .LVU58
 220 00aa 002F     		cmp	r7, #0
 221 00ac B8BF     		it	lt
 222 00ae 7F42     		rsblt	r7, r7, #0
  90:Src/display_spe.c ****       Display_binding_line(x0 + i, y0, x1 + i , y1, color);
 223              		.loc 1 90 8 view .LVU59
 224 00b0 BC45     		cmp	ip, r7
  91:Src/display_spe.c ****       Display_binding_line(x0 - i, y0, x1 - i , y1, color);
 225              		.loc 1 91 7 view .LVU60
 226 00b2 0096     		str	r6, [sp]
 227 00b4 314F     		ldr	r7, .L16+4
  90:Src/display_spe.c ****       Display_binding_line(x0 + i, y0, x1 + i , y1, color);
 228              		.loc 1 90 8 view .LVU61
 229 00b6 51DD     		ble	.L6
  91:Src/display_spe.c ****       Display_binding_line(x0 - i, y0, x1 - i , y1, color);
 230              		.loc 1 91 7 is_stmt 1 view .LVU62
 231 00b8 0132     		adds	r2, r2, #1
 232 00ba 0130     		adds	r0, r0, #1
 233 00bc 3C68     		ldr	r4, [r7]
 234 00be A047     		blx	r4
 235              	.LVL13:
  92:Src/display_spe.c ****     } else {
 236              		.loc 1 92 7 view .LVU63
 237 00c0 DDE90423 		ldrd	r2, r3, [sp, #16]
 238 00c4 DDE90201 		ldrd	r0, r1, [sp, #8]
 239 00c8 0096     		str	r6, [sp]
 240 00ca 3E68     		ldr	r6, [r7]
 241              	.LVL14:
  92:Src/display_spe.c ****     } else {
 242              		.loc 1 92 7 is_stmt 0 view .LVU64
 243 00cc 013A     		subs	r2, r2, #1
ARM GAS  C:\Users\Antonio\AppData\Local\Temp\ccEqA77n.s 			page 8


 244 00ce 0138     		subs	r0, r0, #1
 245              	.L15:
  95:Src/display_spe.c ****     }
 246              		.loc 1 95 7 view .LVU65
 247 00d0 B047     		blx	r6
 248              	.LVL15:
 249              	.L7:
  89:Src/display_spe.c ****     if (abs(y1 - y0) > abs(x1 - x0)) {
 250              		.loc 1 89 17 is_stmt 1 discriminator 1 view .LVU66
  89:Src/display_spe.c ****     if (abs(y1 - y0) > abs(x1 - x0)) {
 251              		.loc 1 89 17 is_stmt 0 discriminator 1 view .LVU67
 252              	.LBE9:
 253              	.LBE12:
 115:Src/display_spe.c ****     Display_binding(&detect[bindings[i][0]], &detect[bindings[i][1]], bindings[i][2]);
 254              		.loc 1 115 40 is_stmt 1 discriminator 3 view .LVU68
 255 00d2 08F10108 		add	r8, r8, #1
 256              	.LVL16:
 115:Src/display_spe.c ****     Display_binding(&detect[bindings[i][0]], &detect[bindings[i][1]], bindings[i][2]);
 257              		.loc 1 115 17 discriminator 1 view .LVU69
 258 00d6 B8F10E0F 		cmp	r8, #14
 259 00da 05F10C05 		add	r5, r5, #12
 260 00de 9CD1     		bne	.L8
 261 00e0 5C46     		mov	r4, fp
 262 00e2 274E     		ldr	r6, .L16+8
 263              	.LBB13:
 264              	.LBB14:
  50:Src/display_spe.c ****   xc = x - CIRCLE_RADIUS / 2;
 265              		.loc 1 50 3 is_stmt 0 view .LVU70
 266 00e4 DFF8A090 		ldr	r9, .L16+16
  53:Src/display_spe.c ****   xc = x + CIRCLE_RADIUS / 2;
 267              		.loc 1 53 14 view .LVU71
 268 00e8 264F     		ldr	r7, .L16+12
 269 00ea 0BF19C08 		add	r8, fp, #156
 270              	.LVL17:
 271              	.L12:
  53:Src/display_spe.c ****   xc = x + CIRCLE_RADIUS / 2;
 272              		.loc 1 53 14 view .LVU72
 273              	.LBE14:
 274              	.LBE13:
 117:Src/display_spe.c ****   for (i = 0; i < AI_POSE_PP_POSE_KEYPOINTS_NB; i++)
 118:Src/display_spe.c ****     Display_keypoint(&detect[i], kp_color[i]);
 275              		.loc 1 118 5 is_stmt 1 view .LVU73
 276              	.LBB17:
 277              	.LBB15:
  47:Src/display_spe.c ****     return ;
 278              		.loc 1 47 6 is_stmt 0 view .LVU74
 279 00ee D4ED027A 		vldr.32	s15, [r4, #8]
 280 00f2 F4EEC87A 		vcmpe.f32	s15, s16
 281 00f6 F1EE10FA 		vmrs	APSR_nzcv, FPSCR
 282              	.LBE15:
 283              	.LBE17:
 284              		.loc 1 118 42 view .LVU75
 285 00fa 56F804AB 		ldr	r10, [r6], #4
 286              	.LVL18:
 287              	.LBB18:
 288              	.LBI13:
  41:Src/display_spe.c **** {
ARM GAS  C:\Users\Antonio\AppData\Local\Temp\ccEqA77n.s 			page 9


 289              		.loc 1 41 13 is_stmt 1 view .LVU76
 290              	.LBB16:
  43:Src/display_spe.c ****   int xc, yc;
 291              		.loc 1 43 3 view .LVU77
  44:Src/display_spe.c ****   int x, y;
 292              		.loc 1 44 3 view .LVU78
  45:Src/display_spe.c **** 
 293              		.loc 1 45 3 view .LVU79
  47:Src/display_spe.c ****     return ;
 294              		.loc 1 47 3 view .LVU80
  47:Src/display_spe.c ****     return ;
 295              		.loc 1 47 6 is_stmt 0 view .LVU81
 296 00fe 25D4     		bmi	.L11
  50:Src/display_spe.c ****   xc = x - CIRCLE_RADIUS / 2;
 297              		.loc 1 50 3 is_stmt 1 view .LVU82
 298 0100 D4ED010A 		vldr.32	s1, [r4, #4]
 299 0104 94ED000A 		vldr.32	s0, [r4]
 300 0108 D9F80030 		ldr	r3, [r9]
 301 010c 05A9     		add	r1, sp, #20
 302 010e 04A8     		add	r0, sp, #16
 303 0110 9847     		blx	r3
 304              	.LVL19:
  51:Src/display_spe.c ****   yc = y - CIRCLE_RADIUS / 2;
 305              		.loc 1 51 3 view .LVU83
  51:Src/display_spe.c ****   yc = y - CIRCLE_RADIUS / 2;
 306              		.loc 1 51 10 is_stmt 0 view .LVU84
 307 0112 049B     		ldr	r3, [sp, #16]
  53:Src/display_spe.c ****   xc = x + CIRCLE_RADIUS / 2;
 308              		.loc 1 53 14 view .LVU85
 309 0114 03A9     		add	r1, sp, #12
  51:Src/display_spe.c ****   yc = y - CIRCLE_RADIUS / 2;
 310              		.loc 1 51 10 view .LVU86
 311 0116 023B     		subs	r3, r3, #2
  51:Src/display_spe.c ****   yc = y - CIRCLE_RADIUS / 2;
 312              		.loc 1 51 6 view .LVU87
 313 0118 0293     		str	r3, [sp, #8]
  52:Src/display_spe.c ****   is_clamp = clamp_point(&xc, &yc);
 314              		.loc 1 52 3 is_stmt 1 view .LVU88
  52:Src/display_spe.c ****   is_clamp = clamp_point(&xc, &yc);
 315              		.loc 1 52 10 is_stmt 0 view .LVU89
 316 011a 059B     		ldr	r3, [sp, #20]
  53:Src/display_spe.c ****   xc = x + CIRCLE_RADIUS / 2;
 317              		.loc 1 53 14 view .LVU90
 318 011c 02A8     		add	r0, sp, #8
  52:Src/display_spe.c ****   is_clamp = clamp_point(&xc, &yc);
 319              		.loc 1 52 10 view .LVU91
 320 011e 023B     		subs	r3, r3, #2
  52:Src/display_spe.c ****   is_clamp = clamp_point(&xc, &yc);
 321              		.loc 1 52 6 view .LVU92
 322 0120 0393     		str	r3, [sp, #12]
  53:Src/display_spe.c ****   xc = x + CIRCLE_RADIUS / 2;
 323              		.loc 1 53 3 is_stmt 1 view .LVU93
  53:Src/display_spe.c ****   xc = x + CIRCLE_RADIUS / 2;
 324              		.loc 1 53 14 is_stmt 0 view .LVU94
 325 0122 3B68     		ldr	r3, [r7]
 326 0124 9847     		blx	r3
 327              	.LVL20:
ARM GAS  C:\Users\Antonio\AppData\Local\Temp\ccEqA77n.s 			page 10


  54:Src/display_spe.c ****   yc = y + CIRCLE_RADIUS / 2;
 328              		.loc 1 54 10 view .LVU95
 329 0126 049B     		ldr	r3, [sp, #16]
  55:Src/display_spe.c ****   is_clamp |= clamp_point(&xc, &yc);
 330              		.loc 1 55 10 view .LVU96
 331 0128 059A     		ldr	r2, [sp, #20]
  54:Src/display_spe.c ****   yc = y + CIRCLE_RADIUS / 2;
 332              		.loc 1 54 10 view .LVU97
 333 012a 0233     		adds	r3, r3, #2
  55:Src/display_spe.c ****   is_clamp |= clamp_point(&xc, &yc);
 334              		.loc 1 55 10 view .LVU98
 335 012c 0232     		adds	r2, r2, #2
  53:Src/display_spe.c ****   xc = x + CIRCLE_RADIUS / 2;
 336              		.loc 1 53 14 view .LVU99
 337 012e 0546     		mov	r5, r0
 338              	.LVL21:
  54:Src/display_spe.c ****   yc = y + CIRCLE_RADIUS / 2;
 339              		.loc 1 54 3 is_stmt 1 view .LVU100
  55:Src/display_spe.c ****   is_clamp |= clamp_point(&xc, &yc);
 340              		.loc 1 55 6 is_stmt 0 view .LVU101
 341 0130 0392     		str	r2, [sp, #12]
  54:Src/display_spe.c ****   yc = y + CIRCLE_RADIUS / 2;
 342              		.loc 1 54 6 view .LVU102
 343 0132 0293     		str	r3, [sp, #8]
  55:Src/display_spe.c ****   is_clamp |= clamp_point(&xc, &yc);
 344              		.loc 1 55 3 is_stmt 1 view .LVU103
  56:Src/display_spe.c **** 
 345              		.loc 1 56 3 view .LVU104
  56:Src/display_spe.c **** 
 346              		.loc 1 56 15 is_stmt 0 view .LVU105
 347 0134 3A68     		ldr	r2, [r7]
 348 0136 03A9     		add	r1, sp, #12
 349 0138 02A8     		add	r0, sp, #8
 350              	.LVL22:
  56:Src/display_spe.c **** 
 351              		.loc 1 56 15 view .LVU106
 352 013a 9047     		blx	r2
 353              	.LVL23:
  58:Src/display_spe.c ****     return ;
 354              		.loc 1 58 3 is_stmt 1 view .LVU107
  58:Src/display_spe.c ****     return ;
 355              		.loc 1 58 6 is_stmt 0 view .LVU108
 356 013c 2843     		orrs	r0, r0, r5
 357              	.LVL24:
  58:Src/display_spe.c ****     return ;
 358              		.loc 1 58 6 view .LVU109
 359 013e 05D1     		bne	.L11
  61:Src/display_spe.c **** }
 360              		.loc 1 61 3 is_stmt 1 view .LVU110
 361 0140 DDE90401 		ldrd	r0, r1, [sp, #16]
 362 0144 5346     		mov	r3, r10
 363 0146 0522     		movs	r2, #5
 364 0148 FFF7FEFF 		bl	UTIL_LCD_FillCircle
 365              	.LVL25:
 366              	.L11:
  61:Src/display_spe.c **** }
 367              		.loc 1 61 3 is_stmt 0 view .LVU111
ARM GAS  C:\Users\Antonio\AppData\Local\Temp\ccEqA77n.s 			page 11


 368              	.LBE16:
 369              	.LBE18:
 117:Src/display_spe.c ****     Display_keypoint(&detect[i], kp_color[i]);
 370              		.loc 1 117 50 is_stmt 1 discriminator 3 view .LVU112
 117:Src/display_spe.c ****     Display_keypoint(&detect[i], kp_color[i]);
 371              		.loc 1 117 17 discriminator 1 view .LVU113
 372 014c 0C34     		adds	r4, r4, #12
 373 014e A045     		cmp	r8, r4
 374 0150 CDD1     		bne	.L12
 119:Src/display_spe.c **** }
 375              		.loc 1 119 1 is_stmt 0 view .LVU114
 376 0152 07B0     		add	sp, sp, #28
 377              		.cfi_remember_state
 378              		.cfi_def_cfa_offset 44
 379              		@ sp needed
 380 0154 BDEC028B 		vldm	sp!, {d8}
 381              		.cfi_restore 80
 382              		.cfi_restore 81
 383              		.cfi_def_cfa_offset 36
 384 0158 BDE8F08F 		pop	{r4, r5, r6, r7, r8, r9, r10, fp, pc}
 385              	.LVL26:
 386              	.L6:
 387              		.cfi_restore_state
 388              	.LBB19:
 389              	.LBB10:
  94:Src/display_spe.c ****       Display_binding_line(x0, y0 - i, x1 , y1 - i, color);
 390              		.loc 1 94 7 is_stmt 1 view .LVU115
 391 015c 0133     		adds	r3, r3, #1
 392 015e 0131     		adds	r1, r1, #1
 393 0160 3C68     		ldr	r4, [r7]
 394 0162 A047     		blx	r4
 395              	.LVL27:
  95:Src/display_spe.c ****     }
 396              		.loc 1 95 7 view .LVU116
 397 0164 DDE90312 		ldrd	r1, r2, [sp, #12]
 398 0168 059B     		ldr	r3, [sp, #20]
 399 016a 0096     		str	r6, [sp]
 400 016c 3E68     		ldr	r6, [r7]
 401              	.LVL28:
  95:Src/display_spe.c ****     }
 402              		.loc 1 95 7 is_stmt 0 view .LVU117
 403 016e 0298     		ldr	r0, [sp, #8]
 404 0170 013B     		subs	r3, r3, #1
 405 0172 0139     		subs	r1, r1, #1
 406 0174 ACE7     		b	.L15
 407              	.L17:
 408 0176 00BF     		.align	2
 409              	.L16:
 410 0178 00000000 		.word	bindings
 411 017c 00000000 		.word	Display_binding_line
 412 0180 00000000 		.word	kp_color
 413 0184 00000000 		.word	clamp_point
 414 0188 00000000 		.word	convert_point
 415              	.LBE10:
 416              	.LBE19:
 417              		.cfi_endproc
 418              	.LFE3342:
ARM GAS  C:\Users\Antonio\AppData\Local\Temp\ccEqA77n.s 			page 12


 420              		.section	.bss.Display_binding_line,"aw",%nobits
 421              		.align	2
 424              	Display_binding_line:
 425 0000 00000000 		.space	4
 426              		.section	.bss.convert_point,"aw",%nobits
 427              		.align	2
 430              	convert_point:
 431 0000 00000000 		.space	4
 432              		.section	.bss.clamp_point,"aw",%nobits
 433              		.align	2
 436              	clamp_point:
 437 0000 00000000 		.space	4
 438              		.section	.rodata.kp_color,"a"
 439              		.align	2
 442              	kp_color:
 443 0000 00FF00FF 		.word	-16711936
 444 0004 FF0000FF 		.word	-16776961
 445 0008 FF0000FF 		.word	-16776961
 446 000c FF0000FF 		.word	-16776961
 447 0010 FF0000FF 		.word	-16776961
 448 0014 FF0000FF 		.word	-16776961
 449 0018 FF0000FF 		.word	-16776961
 450 001c FF00FFFF 		.word	-65281
 451 0020 FF00FFFF 		.word	-65281
 452 0024 00A5FFFF 		.word	-23296
 453 0028 00A5FFFF 		.word	-23296
 454 002c 00A5FFFF 		.word	-23296
 455 0030 00A5FFFF 		.word	-23296
 456              		.section	.rodata.bindings,"a"
 457              		.align	2
 460              	bindings:
 461 0000 0B000000 		.word	11
 462 0004 09000000 		.word	9
 463 0008 00A5FFFF 		.word	-23296
 464 000c 09000000 		.word	9
 465 0010 07000000 		.word	7
 466 0014 00A5FFFF 		.word	-23296
 467 0018 0C000000 		.word	12
 468 001c 0A000000 		.word	10
 469 0020 00A5FFFF 		.word	-23296
 470 0024 0A000000 		.word	10
 471 0028 08000000 		.word	8
 472 002c 00A5FFFF 		.word	-23296
 473 0030 07000000 		.word	7
 474 0034 08000000 		.word	8
 475 0038 FF00FFFF 		.word	-65281
 476 003c 01000000 		.word	1
 477 0040 07000000 		.word	7
 478 0044 FF00FFFF 		.word	-65281
 479 0048 02000000 		.word	2
 480 004c 08000000 		.word	8
 481 0050 FF00FFFF 		.word	-65281
 482 0054 01000000 		.word	1
 483 0058 02000000 		.word	2
 484 005c FF0000FF 		.word	-16776961
 485 0060 01000000 		.word	1
 486 0064 03000000 		.word	3
ARM GAS  C:\Users\Antonio\AppData\Local\Temp\ccEqA77n.s 			page 13


 487 0068 FF0000FF 		.word	-16776961
 488 006c 02000000 		.word	2
 489 0070 04000000 		.word	4
 490 0074 FF0000FF 		.word	-16776961
 491 0078 03000000 		.word	3
 492 007c 05000000 		.word	5
 493 0080 FF0000FF 		.word	-16776961
 494 0084 04000000 		.word	4
 495 0088 06000000 		.word	6
 496 008c FF0000FF 		.word	-16776961
 497 0090 00000000 		.word	0
 498 0094 01000000 		.word	1
 499 0098 00FF00FF 		.word	-16711936
 500 009c 00000000 		.word	0
 501 00a0 02000000 		.word	2
 502 00a4 00FF00FF 		.word	-16711936
 503              		.text
 504              	.Letext0:
 505              		.file 2 "C:\\ST\\STM32CubeIDE_1.19.0\\STM32CubeIDE\\plugins\\com.st.stm32cube.ide.mcu.externaltool
 506              		.file 3 "C:\\ST\\STM32CubeIDE_1.19.0\\STM32CubeIDE\\plugins\\com.st.stm32cube.ide.mcu.externaltool
 507              		.file 4 "C:\\ST\\STM32CubeIDE_1.19.0\\STM32CubeIDE\\plugins\\com.st.stm32cube.ide.mcu.externaltool
 508              		.file 5 "../../Middlewares/lib_vision_models_pp/lib_vision_models_pp/Inc/spe_pp_output_if.h"
 509              		.file 6 "Inc/display_keypoints_13.h"
 510              		.file 7 "../../STM32Cube_FW_N6/Utilities/lcd/stm32_lcd.h"
ARM GAS  C:\Users\Antonio\AppData\Local\Temp\ccEqA77n.s 			page 14


DEFINED SYMBOLS
                            *ABS*:00000000 display_spe.c
C:\Users\Antonio\AppData\Local\Temp\ccEqA77n.s:26     .text.Display_spe_InitFunctions:00000000 $t
C:\Users\Antonio\AppData\Local\Temp\ccEqA77n.s:32     .text.Display_spe_InitFunctions:00000000 Display_spe_InitFunctions
C:\Users\Antonio\AppData\Local\Temp\ccEqA77n.s:62     .text.Display_spe_InitFunctions:00000010 $d
C:\Users\Antonio\AppData\Local\Temp\ccEqA77n.s:436    .bss.clamp_point:00000000 clamp_point
C:\Users\Antonio\AppData\Local\Temp\ccEqA77n.s:430    .bss.convert_point:00000000 convert_point
C:\Users\Antonio\AppData\Local\Temp\ccEqA77n.s:424    .bss.Display_binding_line:00000000 Display_binding_line
C:\Users\Antonio\AppData\Local\Temp\ccEqA77n.s:69     .text.Display_spe_Detection:00000000 $t
C:\Users\Antonio\AppData\Local\Temp\ccEqA77n.s:75     .text.Display_spe_Detection:00000000 Display_spe_Detection
C:\Users\Antonio\AppData\Local\Temp\ccEqA77n.s:410    .text.Display_spe_Detection:00000178 $d
C:\Users\Antonio\AppData\Local\Temp\ccEqA77n.s:460    .rodata.bindings:00000000 bindings
C:\Users\Antonio\AppData\Local\Temp\ccEqA77n.s:442    .rodata.kp_color:00000000 kp_color
C:\Users\Antonio\AppData\Local\Temp\ccEqA77n.s:421    .bss.Display_binding_line:00000000 $d
C:\Users\Antonio\AppData\Local\Temp\ccEqA77n.s:427    .bss.convert_point:00000000 $d
C:\Users\Antonio\AppData\Local\Temp\ccEqA77n.s:433    .bss.clamp_point:00000000 $d
C:\Users\Antonio\AppData\Local\Temp\ccEqA77n.s:439    .rodata.kp_color:00000000 $d
C:\Users\Antonio\AppData\Local\Temp\ccEqA77n.s:457    .rodata.bindings:00000000 $d
                           .group:00000000 wm4.0.edffc6ad2f5eb1e671bbefdf8c481eb3
                           .group:00000000 wm4._newlib_version.h.4.411db44ea2338a62eca2f0777f81481b
                           .group:00000000 wm4.features.h.33.e0c9f337c65cb9f22ed5f23d082bc78b
                           .group:00000000 wm4._default_types.h.15.247e5cd201eca3442cbf5404108c4935
                           .group:00000000 wm4._intsup.h.10.48bafbb683905c4daa4565a85aeeb264
                           .group:00000000 wm4._stdint.h.10.c24fa3af3bc1706662bb5593a907e841
                           .group:00000000 wm4.stdint.h.23.d53047a68f4a85177f80b422d52785ed
                           .group:00000000 wm4.cmsis_gcc.h.26.7a5fd1a99dbedde687044a4433ab3e15
                           .group:00000000 wm4.newlib.h.7.a37ffbe9e5aff74303f4e60b1cc1c01b
                           .group:00000000 wm4.ieeefp.h.77.bd5feb87d9990dd328793ced294f6a87
                           .group:00000000 wm4.config.h.224.10ee1ad185d877c6e334e6581faab44d
                           .group:00000000 wm4._ansi.h.31.de524f58584151836e90d8620a16f8e8
                           .group:00000000 wm4.stddef.h.39.0dc9006b34572d4d9cae4c8b422c4971
                           .group:00000000 wm4.cdefs.h.49.70fc7af612f78ddcace70fdd90b5623b
                           .group:00000000 wm4._types.h.20.dd0d04dca3800a0d2a6129b87f3adbb2
                           .group:00000000 wm4.stddef.h.158.6f8e08a347b1cff664332fa350bfceb3
                           .group:00000000 wm4._types.h.127.3bdfe3ff8ea2d0985b03d9cbe93480e3
                           .group:00000000 wm4.reent.h.18.25503cdc8b7e55dd0d6ea7b3e5af7a03
                           .group:00000000 wm4.lock.h.2.1461d1fff82dffe8bfddc23307f6484f
                           .group:00000000 wm4.reent.h.78.6b87466b04591b1f1cb88c14fdf2ba9e
                           .group:00000000 wm4.string.h.15.dab3980bf35408a4c507182805e2de3a
                           .group:00000000 wm4.stddef.h.158.eec8bf00b5213f43d095cb984c5f22e3
                           .group:00000000 wm4.string.h.177.59a005921fa78485abc80a0267de5752
                           .group:00000000 wm4.math.h.13.47cfc34cae8a1153323939c4d32cf7c2
                           .group:00000000 wm4.float.h.29.0e9d9baf95ec39f9555dc80c6e28186b
                           .group:00000000 wm4.syslimits.h.34.de5cbd310098bc5895998b6bde577ed2
                           .group:00000000 wm4.limits.h.9.70fb0ada6f71b16202a66baaa6d8ea70
                           .group:00000000 wm4.limits.h.60.56a1ae353e2028a24298ec6463b8b593
                           .group:00000000 wm4.arm_math_types.h.94.a6c8422e2657ad4cd95bd8be69ba02aa
                           .group:00000000 wm4.stdbool.h.29.c08aa3eec75cf5b9b5003883f43253f0
                           .group:00000000 wm4.arm_mve.h.38.47b22bbd301ce82bc6dafd1a387f65a3
                           .group:00000000 wm4.arm_math_types.h.559.cab78f278b684a3ea2271947c7aea680
                           .group:00000000 wm4.arm_math_memory.h.28.fe8a81c6a9ac13061a5f748732089249
                           .group:00000000 wm4.none.h.185.db055cca83e83f96d8d0bb450fbdf4bb
                           .group:00000000 wm4.utils.h.27.57524573fe37b04009eecf3582a4c591
                           .group:00000000 wm4.fast_math_functions.h.28.8eb7477260c1d6b62047c49a01c4cbaa
                           .group:00000000 wm4.controller_functions.h.28.7bed7d7a726df2f65b8a3d89cff01247
                           .group:00000000 wm4.filtering_functions.h.46.6cf1424fb1f86d5f9958d208b83340a1
                           .group:00000000 wm4.spe_pp_output_if.h.21.7aed4d6031ba2f64b47a2eb3fe8061d9
ARM GAS  C:\Users\Antonio\AppData\Local\Temp\ccEqA77n.s 			page 15


                           .group:00000000 wm4.app_config.h.20.61424149ecd1a4cefcbf5206f0c11dcb
                           .group:00000000 wm4.stm32n6xx_hal_conf.h.21.e6f895f5dec93fd886896ef3aa220611
                           .group:00000000 wm4.arm_cmse.h.103.a0d15a79c4c9a67da8d5831704d7248e
                           .group:00000000 wm4.stm32n6xx.h.34.80585dd08aa426c932f6311fdb7386da
                           .group:00000000 wm4.stm32n657xx.h.26.acd272cb67318cc1a4791ce2f0720ca6
                           .group:00000000 wm4.cmsis_version.h.32.0ac195c83bb4537824e6ad1c47474b79
                           .group:00000000 wm4.core_cm55.h.68.832d5cf835639cc0d28219c3d2867330
                           .group:00000000 wm4.core_cm55.h.196.52e437a270752da561676e507b35baeb
                           .group:00000000 wm4.mpu_armv8.h.32.9d72426c8e2b47753456dcb84802c5b3
                           .group:00000000 wm4.pmu_armv8.h.32.eaa95f88a71b29390b135fd81c071b6b
                           .group:00000000 wm4.core_cm55.h.4411.860dad8650880893dd57b815844f7186
                           .group:00000000 wm4.cachel1_armv7.h.32.abd77761a989e008b0c60891114a33c7
                           .group:00000000 wm4.stm32n657xx.h.575.1c2a5e6bedffc6f9083dcc857bc6d09d
                           .group:00000000 wm4.stm32n6xx.h.114.5cf793d8af485e14f110e3e24bde1aa5
                           .group:00000000 wm4.stm32_hal_legacy.h.22.87fb12bf5a1a1e00fc134f22bc9aa8c4
                           .group:00000000 wm4.stm32n6xx_hal_def.h.63.3a8f01490e8852464e9fcb69092e9c75
                           .group:00000000 wm4.stm32n6xx_ll_bus.h.38.2366a295ee4cdb04833997d3787fcd2d
                           .group:00000000 wm4.stm32n6xx_ll_rcc.h.21.002e22a16fd7f67dde6dce41e8ba9620
                           .group:00000000 wm4.stm32n6xx_hal_rcc.h.194.1cb1283e40f9bebcd3fba2a9a961838e
                           .group:00000000 wm4.stm32n6xx_hal_rcc_ex.h.21.79aa32178dfef625fbd20d362449acfa
                           .group:00000000 wm4.stm32n6xx_hal_rcc.h.4359.3f0b7ad33826d95438602c9aebc08af9
                           .group:00000000 wm4.stm32n6xx_hal_gpio.h.21.89d54af663b98eb8fc098192053f7eeb
                           .group:00000000 wm4.stm32n6xx_hal_gpio_ex.h.22.4acb2e3511a98bb48b81cfc8e09fd59e
                           .group:00000000 wm4.stm32n6xx_hal_rif.h.21.424d0bafb874a777dee3742a22e13037
                           .group:00000000 wm4.stm32n6xx_hal_dma.h.21.61e48c5c2e8d25d22177834b232fe45c
                           .group:00000000 wm4.stm32n6xx_hal_dma_ex.h.21.66e597beb090a165329d6ccf665e41bc
                           .group:00000000 wm4.stm32n6xx_hal_dma.h.1020.87e2180c009560b617c1f8208140c950
                           .group:00000000 wm4.stm32n6xx_hal_cortex.h.21.f493623cc58f9454ab4eae41e395c5cc
                           .group:00000000 wm4.stm32n6xx_hal_bsec.h.21.61b309e67dd810e28897a01b1b21a97f
                           .group:00000000 wm4.stm32n6xx_hal_dcmipp.h.21.f538bfd785c6469670251ac9bc7af55d
                           .group:00000000 wm4.stm32n6xx_hal_dma2d.h.21.75c8d46cdbb72970123b3f34ae2043d7
                           .group:00000000 wm4.stm32n6xx_hal_exti.h.21.fda87e715ea6b98239ec30171d1df594
                           .group:00000000 wm4.stm32n6xx_hal_i2c.h.21.3f483626ff64c5bf027265bb2e1d1331
                           .group:00000000 wm4.stm32n6xx_hal_i2c_ex.h.21.79e9196c22282cdaf6b4047893638c45
                           .group:00000000 wm4.stm32n6xx_hal_i2c.h.741.1084702632703acc669e4282b3043372
                           .group:00000000 wm4.stm32n6xx_hal_ltdc.h.21.ae1eb09930e7e550e48e418ac5849e4d
                           .group:00000000 wm4.stm32n6xx_hal_ltdc.h.1002.b13ede7fc94ed5ad1c6768a157d2149a
                           .group:00000000 wm4.stm32n6xx_hal_pwr.h.21.cdb73e4869c3fed3fc84f901ec0e5f0a
                           .group:00000000 wm4.stm32n6xx_hal_pwr_ex.h.21.1a673224a58b0c1e5fad8eeda6514208
                           .group:00000000 wm4.stm32n6xx_hal_ramcfg.h.21.a62dfbb4d2c14e9a8c634a215e37bd3d
                           .group:00000000 wm4.stm32n6xx_hal_uart.h.21.230f549bfa0d5ebfd77bfb311b2aca15
                           .group:00000000 wm4.stm32n6xx_hal_uart_ex.h.21.a0d5511e1d0703b7b5278c8f5472b96d
                           .group:00000000 wm4.stm32n6xx_hal_xspi.h.21.e17898be2073b6b6b19faf30b4e304e9
                           .group:00000000 wm4.stm32n6xx_hal_cacheaxi.h.21.7c3375b7903ec42376e4883320997f74
                           .group:00000000 wm4.stm32n6xx_hal.h.81.5e59143eba07faca3e9aeaa5470826c8
                           .group:00000000 wm4.lcd.h.21.98701c105e66fef2e089854e5bc0fe32
                           .group:00000000 wm4.stm32_lcd.h.55.1a04e503950bf34ef3721d2ebb9542fc
                           .group:00000000 wm4.main.h.30.caab52a0a8de64f9677f2eb568935933
                           .group:00000000 wm4.utils.h.20.a122c519940ea111a25b4d1f17b5f8d3
                           .group:00000000 wm4.assert.h.11.db24e541f16414db224bf986d21017e2
                           .group:00000000 wm4.stdlib.h.13.4ed386f5c1a80d71e72172885d946ef2
                           .group:00000000 wm4.alloca.h.8.dfc0c703c47ec3e69746825b17d9e66d
                           .group:00000000 wm4.stdlib.h.56.f4862cfbf4363a1db01842d5bdf72c18

UNDEFINED SYMBOLS
UTIL_LCD_DrawLine
UTIL_LCD_FillCircle
ARM GAS  C:\Users\Antonio\AppData\Local\Temp\ccEqA77n.s 			page 16


